{"/workspaces/odoo-rust-mcp/config-ui/src/App.tsx": {"path":"/workspaces/odoo-rust-mcp/config-ui/src/App.tsx","statementMap":{"0":{"start":{"line":14,"column":39},"end":{"line":14,"column":null}},"1":{"start":{"line":15,"column":36},"end":{"line":15,"column":null}},"2":{"start":{"line":18,"column":2},"end":{"line":24,"column":null}},"3":{"start":{"line":19,"column":4},"end":{"line":22,"column":null}},"4":{"start":{"line":27,"column":2},"end":{"line":29,"column":null}},"5":{"start":{"line":28,"column":4},"end":{"line":28,"column":null}},"6":{"start":{"line":31,"column":20},"end":{"line":46,"column":null}},"7":{"start":{"line":32,"column":4},"end":{"line":45,"column":null}},"8":{"start":{"line":34,"column":8},"end":{"line":34,"column":null}},"9":{"start":{"line":36,"column":8},"end":{"line":36,"column":null}},"10":{"start":{"line":38,"column":8},"end":{"line":38,"column":null}},"11":{"start":{"line":40,"column":8},"end":{"line":40,"column":null}},"12":{"start":{"line":42,"column":8},"end":{"line":42,"column":null}},"13":{"start":{"line":44,"column":8},"end":{"line":44,"column":null}},"14":{"start":{"line":48,"column":2},"end":{"line":56,"column":null}},"15":{"start":{"line":61,"column":2},"end":{"line":64,"column":null}}},"fnMap":{"0":{"name":"AppContent","decl":{"start":{"line":13,"column":9},"end":{"line":13,"column":22}},"loc":{"start":{"line":13,"column":22},"end":{"line":58,"column":null}}},"1":{"name":"(anonymous_1)","decl":{"start":{"line":31,"column":20},"end":{"line":31,"column":26}},"loc":{"start":{"line":31,"column":26},"end":{"line":46,"column":null}}},"2":{"name":"App","decl":{"start":{"line":60,"column":9},"end":{"line":60,"column":15}},"loc":{"start":{"line":60,"column":15},"end":{"line":66,"column":null}}}},"branchMap":{"0":{"loc":{"start":{"line":18,"column":2},"end":{"line":24,"column":null}},"type":"if","locations":[{"start":{"line":18,"column":2},"end":{"line":24,"column":null}},{"start":{},"end":{}}]},"1":{"loc":{"start":{"line":27,"column":2},"end":{"line":29,"column":null}},"type":"if","locations":[{"start":{"line":27,"column":2},"end":{"line":29,"column":null}},{"start":{},"end":{}}]},"2":{"loc":{"start":{"line":32,"column":4},"end":{"line":45,"column":null}},"type":"switch","locations":[{"start":{"line":33,"column":6},"end":{"line":34,"column":null}},{"start":{"line":35,"column":6},"end":{"line":36,"column":null}},{"start":{"line":37,"column":6},"end":{"line":38,"column":null}},{"start":{"line":39,"column":6},"end":{"line":40,"column":null}},{"start":{"line":41,"column":6},"end":{"line":42,"column":null}},{"start":{"line":43,"column":6},"end":{"line":44,"column":null}}]}},"s":{"0":0,"1":0,"2":0,"3":0,"4":0,"5":0,"6":0,"7":0,"8":0,"9":0,"10":0,"11":0,"12":0,"13":0,"14":0,"15":0},"f":{"0":0,"1":0,"2":0},"b":{"0":[0,0],"1":[0,0],"2":[0,0,0,0,0,0]}}
,"/workspaces/odoo-rust-mcp/config-ui/src/main.tsx": {"path":"/workspaces/odoo-rust-mcp/config-ui/src/main.tsx","statementMap":{"0":{"start":{"line":6,"column":0},"end":{"line":10,"column":null}}},"fnMap":{},"branchMap":{},"s":{"0":0},"f":{},"b":{}}
,"/workspaces/odoo-rust-mcp/config-ui/src/components/AuthProvider.tsx": {"path":"/workspaces/odoo-rust-mcp/config-ui/src/components/AuthProvider.tsx","statementMap":{"0":{"start":{"line":4,"column":20},"end":{"line":4,"column":null}},"1":{"start":{"line":6,"column":26},"end":{"line":6,"column":null}},"2":{"start":{"line":9,"column":48},"end":{"line":9,"column":null}},"3":{"start":{"line":10,"column":40},"end":{"line":10,"column":null}},"4":{"start":{"line":11,"column":34},"end":{"line":11,"column":null}},"5":{"start":{"line":12,"column":28},"end":{"line":12,"column":null}},"6":{"start":{"line":12,"column":58},"end":{"line":12,"column":97}},"7":{"start":{"line":13,"column":32},"end":{"line":13,"column":null}},"8":{"start":{"line":15,"column":20},"end":{"line":39,"column":null}},"9":{"start":{"line":16,"column":4},"end":{"line":38,"column":null}},"10":{"start":{"line":17,"column":35},"end":{"line":17,"column":null}},"11":{"start":{"line":18,"column":6},"end":{"line":20,"column":null}},"12":{"start":{"line":19,"column":8},"end":{"line":19,"column":null}},"13":{"start":{"line":22,"column":23},"end":{"line":22,"column":null}},"14":{"start":{"line":23,"column":31},"end":{"line":23,"column":null}},"15":{"start":{"line":25,"column":6},"end":{"line":25,"column":null}},"16":{"start":{"line":26,"column":6},"end":{"line":26,"column":null}},"17":{"start":{"line":27,"column":6},"end":{"line":27,"column":null}},"18":{"start":{"line":30,"column":6},"end":{"line":32,"column":null}},"19":{"start":{"line":31,"column":8},"end":{"line":31,"column":null}},"20":{"start":{"line":34,"column":6},"end":{"line":34,"column":null}},"21":{"start":{"line":35,"column":6},"end":{"line":35,"column":null}},"22":{"start":{"line":37,"column":6},"end":{"line":37,"column":null}},"23":{"start":{"line":41,"column":2},"end":{"line":43,"column":null}},"24":{"start":{"line":42,"column":4},"end":{"line":42,"column":null}},"25":{"start":{"line":45,"column":16},"end":{"line":62,"column":null}},"26":{"start":{"line":46,"column":21},"end":{"line":50,"column":null}},"27":{"start":{"line":52,"column":4},"end":{"line":55,"column":null}},"28":{"start":{"line":53,"column":19},"end":{"line":53,"column":null}},"29":{"start":{"line":53,"column":54},"end":{"line":53,"column":80}},"30":{"start":{"line":54,"column":6},"end":{"line":54,"column":null}},"31":{"start":{"line":57,"column":17},"end":{"line":57,"column":null}},"32":{"start":{"line":58,"column":4},"end":{"line":58,"column":null}},"33":{"start":{"line":59,"column":4},"end":{"line":59,"column":null}},"34":{"start":{"line":60,"column":4},"end":{"line":60,"column":null}},"35":{"start":{"line":61,"column":4},"end":{"line":61,"column":null}},"36":{"start":{"line":64,"column":17},"end":{"line":80,"column":null}},"37":{"start":{"line":65,"column":4},"end":{"line":79,"column":null}},"38":{"start":{"line":66,"column":6},"end":{"line":71,"column":null}},"39":{"start":{"line":67,"column":8},"end":{"line":70,"column":null}},"40":{"start":{"line":73,"column":6},"end":{"line":73,"column":null}},"41":{"start":{"line":75,"column":6},"end":{"line":75,"column":null}},"42":{"start":{"line":76,"column":6},"end":{"line":76,"column":null}},"43":{"start":{"line":77,"column":6},"end":{"line":77,"column":null}},"44":{"start":{"line":78,"column":6},"end":{"line":78,"column":null}},"45":{"start":{"line":82,"column":2},"end":{"line":96,"column":null}},"46":{"start":{"line":101,"column":18},"end":{"line":101,"column":null}},"47":{"start":{"line":102,"column":2},"end":{"line":104,"column":null}},"48":{"start":{"line":103,"column":4},"end":{"line":103,"column":null}},"49":{"start":{"line":105,"column":2},"end":{"line":105,"column":null}}},"fnMap":{"0":{"name":"AuthProvider","decl":{"start":{"line":8,"column":16},"end":{"line":8,"column":29}},"loc":{"start":{"line":8,"column":68},"end":{"line":98,"column":null}}},"1":{"name":"(anonymous_1)","decl":{"start":{"line":12,"column":52},"end":{"line":12,"column":58}},"loc":{"start":{"line":12,"column":58},"end":{"line":12,"column":97}}},"2":{"name":"(anonymous_2)","decl":{"start":{"line":15,"column":32},"end":{"line":15,"column":44}},"loc":{"start":{"line":15,"column":44},"end":{"line":39,"column":5}}},"3":{"name":"(anonymous_3)","decl":{"start":{"line":41,"column":12},"end":{"line":41,"column":18}},"loc":{"start":{"line":41,"column":18},"end":{"line":43,"column":5}}},"4":{"name":"(anonymous_4)","decl":{"start":{"line":45,"column":28},"end":{"line":45,"column":35}},"loc":{"start":{"line":45,"column":74},"end":{"line":62,"column":5}}},"5":{"name":"(anonymous_5)","decl":{"start":{"line":53,"column":47},"end":{"line":53,"column":54}},"loc":{"start":{"line":53,"column":54},"end":{"line":53,"column":80}}},"6":{"name":"(anonymous_6)","decl":{"start":{"line":64,"column":29},"end":{"line":64,"column":41}},"loc":{"start":{"line":64,"column":41},"end":{"line":80,"column":5}}},"7":{"name":"useAuth","decl":{"start":{"line":100,"column":16},"end":{"line":100,"column":43}},"loc":{"start":{"line":100,"column":43},"end":{"line":106,"column":null}}}},"branchMap":{"0":{"loc":{"start":{"line":18,"column":6},"end":{"line":20,"column":null}},"type":"if","locations":[{"start":{"line":18,"column":6},"end":{"line":20,"column":null}},{"start":{},"end":{}}]},"1":{"loc":{"start":{"line":30,"column":6},"end":{"line":32,"column":null}},"type":"if","locations":[{"start":{"line":30,"column":6},"end":{"line":32,"column":null}},{"start":{},"end":{}}]},"2":{"loc":{"start":{"line":52,"column":4},"end":{"line":55,"column":null}},"type":"if","locations":[{"start":{"line":52,"column":4},"end":{"line":55,"column":null}},{"start":{},"end":{}}]},"3":{"loc":{"start":{"line":54,"column":22},"end":{"line":54,"column":50}},"type":"binary-expr","locations":[{"start":{"line":54,"column":22},"end":{"line":54,"column":36}},{"start":{"line":54,"column":36},"end":{"line":54,"column":50}}]},"4":{"loc":{"start":{"line":66,"column":6},"end":{"line":71,"column":null}},"type":"if","locations":[{"start":{"line":66,"column":6},"end":{"line":71,"column":null}},{"start":{},"end":{}}]},"5":{"loc":{"start":{"line":102,"column":2},"end":{"line":104,"column":null}},"type":"if","locations":[{"start":{"line":102,"column":2},"end":{"line":104,"column":null}},{"start":{},"end":{}}]}},"s":{"0":0,"1":0,"2":0,"3":0,"4":0,"5":0,"6":0,"7":0,"8":0,"9":0,"10":0,"11":0,"12":0,"13":0,"14":0,"15":0,"16":0,"17":0,"18":0,"19":0,"20":0,"21":0,"22":0,"23":0,"24":0,"25":0,"26":0,"27":0,"28":0,"29":0,"30":0,"31":0,"32":0,"33":0,"34":0,"35":0,"36":0,"37":0,"38":0,"39":0,"40":0,"41":0,"42":0,"43":0,"44":0,"45":0,"46":0,"47":0,"48":0,"49":0},"f":{"0":0,"1":0,"2":0,"3":0,"4":0,"5":0,"6":0,"7":0},"b":{"0":[0,0],"1":[0,0],"2":[0,0],"3":[0,0],"4":[0,0],"5":[0,0]}}
,"/workspaces/odoo-rust-mcp/config-ui/src/components/Button.tsx": {"path":"/workspaces/odoo-rust-mcp/config-ui/src/components/Button.tsx","statementMap":{"0":{"start":{"line":21,"column":21},"end":{"line":21,"column":null}},"1":{"start":{"line":23,"column":19},"end":{"line":28,"column":null}},"2":{"start":{"line":30,"column":16},"end":{"line":34,"column":null}},"3":{"start":{"line":36,"column":2},"end":{"line":48,"column":null}}},"fnMap":{"0":{"name":"Button","decl":{"start":{"line":11,"column":16},"end":{"line":11,"column":23}},"loc":{"start":{"line":20,"column":16},"end":{"line":50,"column":null}}}},"branchMap":{"0":{"loc":{"start":{"line":13,"column":2},"end":{"line":13,"column":null}},"type":"default-arg","locations":[{"start":{"line":13,"column":12},"end":{"line":13,"column":null}}]},"1":{"loc":{"start":{"line":14,"column":2},"end":{"line":14,"column":null}},"type":"default-arg","locations":[{"start":{"line":14,"column":9},"end":{"line":14,"column":null}}]},"2":{"loc":{"start":{"line":15,"column":2},"end":{"line":15,"column":null}},"type":"default-arg","locations":[{"start":{"line":15,"column":12},"end":{"line":15,"column":null}}]},"3":{"loc":{"start":{"line":18,"column":2},"end":{"line":18,"column":null}},"type":"default-arg","locations":[{"start":{"line":18,"column":14},"end":{"line":18,"column":null}}]},"4":{"loc":{"start":{"line":39,"column":16},"end":{"line":39,"column":null}},"type":"binary-expr","locations":[{"start":{"line":39,"column":16},"end":{"line":39,"column":28}},{"start":{"line":39,"column":28},"end":{"line":39,"column":null}}]},"5":{"loc":{"start":{"line":42,"column":7},"end":{"line":46,"column":null}},"type":"cond-expr","locations":[{"start":{"line":43,"column":8},"end":{"line":43,"column":null}},{"start":{"line":44,"column":10},"end":{"line":46,"column":null}}]},"6":{"loc":{"start":{"line":43,"column":48},"end":{"line":43,"column":94}},"type":"cond-expr","locations":[{"start":{"line":43,"column":64},"end":{"line":43,"column":69}},{"start":{"line":43,"column":69},"end":{"line":43,"column":94}}]},"7":{"loc":{"start":{"line":43,"column":69},"end":{"line":43,"column":94}},"type":"cond-expr","locations":[{"start":{"line":43,"column":85},"end":{"line":43,"column":90}},{"start":{"line":43,"column":90},"end":{"line":43,"column":94}}]},"8":{"loc":{"start":{"line":44,"column":10},"end":{"line":46,"column":null}},"type":"cond-expr","locations":[{"start":{"line":45,"column":8},"end":{"line":45,"column":null}},{"start":{"line":46,"column":10},"end":{"line":46,"column":null}}]}},"s":{"0":0,"1":0,"2":0,"3":0},"f":{"0":0},"b":{"0":[0],"1":[0],"2":[0],"3":[0],"4":[0,0],"5":[0,0],"6":[0,0],"7":[0,0],"8":[0,0]}}
,"/workspaces/odoo-rust-mcp/config-ui/src/components/Card.tsx": {"path":"/workspaces/odoo-rust-mcp/config-ui/src/components/Card.tsx","statementMap":{"0":{"start":{"line":11,"column":2},"end":{"line":20,"column":null}}},"fnMap":{"0":{"name":"Card","decl":{"start":{"line":10,"column":16},"end":{"line":10,"column":21}},"loc":{"start":{"line":10,"column":82},"end":{"line":22,"column":null}}}},"branchMap":{"0":{"loc":{"start":{"line":10,"column":53},"end":{"line":10,"column":68}},"type":"default-arg","locations":[{"start":{"line":10,"column":65},"end":{"line":10,"column":68}}]},"1":{"loc":{"start":{"line":13,"column":8},"end":{"line":17,"column":null}},"type":"binary-expr","locations":[{"start":{"line":13,"column":8},"end":{"line":13,"column":17}},{"start":{"line":13,"column":17},"end":{"line":13,"column":null}},{"start":{"line":14,"column":8},"end":{"line":17,"column":null}}]},"2":{"loc":{"start":{"line":15,"column":11},"end":{"line":15,"column":null}},"type":"binary-expr","locations":[{"start":{"line":15,"column":11},"end":{"line":15,"column":20}},{"start":{"line":15,"column":20},"end":{"line":15,"column":null}}]},"3":{"loc":{"start":{"line":16,"column":11},"end":{"line":16,"column":null}},"type":"binary-expr","locations":[{"start":{"line":16,"column":11},"end":{"line":16,"column":26}},{"start":{"line":16,"column":26},"end":{"line":16,"column":null}}]}},"s":{"0":0},"f":{"0":0},"b":{"0":[0],"1":[0,0,0],"2":[0,0],"3":[0,0]}}
,"/workspaces/odoo-rust-mcp/config-ui/src/components/InstanceForm.tsx": {"path":"/workspaces/odoo-rust-mcp/config-ui/src/components/InstanceForm.tsx","statementMap":{"0":{"start":{"line":25,"column":26},"end":{"line":25,"column":null}},"1":{"start":{"line":26,"column":24},"end":{"line":26,"column":null}},"2":{"start":{"line":27,"column":22},"end":{"line":27,"column":null}},"3":{"start":{"line":28,"column":34},"end":{"line":28,"column":null}},"4":{"start":{"line":29,"column":30},"end":{"line":29,"column":null}},"5":{"start":{"line":30,"column":34},"end":{"line":30,"column":null}},"6":{"start":{"line":31,"column":34},"end":{"line":31,"column":null}},"7":{"start":{"line":32,"column":32},"end":{"line":32,"column":null}},"8":{"start":{"line":33,"column":30},"end":{"line":33,"column":null}},"9":{"start":{"line":35,"column":2},"end":{"line":61,"column":null}},"10":{"start":{"line":36,"column":4},"end":{"line":59,"column":null}},"11":{"start":{"line":37,"column":6},"end":{"line":37,"column":null}},"12":{"start":{"line":38,"column":6},"end":{"line":38,"column":null}},"13":{"start":{"line":39,"column":6},"end":{"line":39,"column":null}},"14":{"start":{"line":40,"column":6},"end":{"line":40,"column":null}},"15":{"start":{"line":42,"column":6},"end":{"line":49,"column":null}},"16":{"start":{"line":43,"column":8},"end":{"line":43,"column":null}},"17":{"start":{"line":44,"column":8},"end":{"line":44,"column":null}},"18":{"start":{"line":46,"column":8},"end":{"line":46,"column":null}},"19":{"start":{"line":47,"column":8},"end":{"line":47,"column":null}},"20":{"start":{"line":48,"column":8},"end":{"line":48,"column":null}},"21":{"start":{"line":51,"column":6},"end":{"line":51,"column":null}},"22":{"start":{"line":52,"column":6},"end":{"line":52,"column":null}},"23":{"start":{"line":53,"column":6},"end":{"line":53,"column":null}},"24":{"start":{"line":54,"column":6},"end":{"line":54,"column":null}},"25":{"start":{"line":55,"column":6},"end":{"line":55,"column":null}},"26":{"start":{"line":56,"column":6},"end":{"line":56,"column":null}},"27":{"start":{"line":57,"column":6},"end":{"line":57,"column":null}},"28":{"start":{"line":58,"column":6},"end":{"line":58,"column":null}},"29":{"start":{"line":60,"column":4},"end":{"line":60,"column":null}},"30":{"start":{"line":63,"column":19},"end":{"line":95,"column":null}},"31":{"start":{"line":64,"column":46},"end":{"line":64,"column":null}},"32":{"start":{"line":66,"column":4},"end":{"line":70,"column":null}},"33":{"start":{"line":67,"column":6},"end":{"line":67,"column":null}},"34":{"start":{"line":68,"column":4},"end":{"line":70,"column":null}},"35":{"start":{"line":69,"column":6},"end":{"line":69,"column":null}},"36":{"start":{"line":72,"column":4},"end":{"line":74,"column":null}},"37":{"start":{"line":73,"column":6},"end":{"line":73,"column":null}},"38":{"start":{"line":76,"column":4},"end":{"line":78,"column":null}},"39":{"start":{"line":77,"column":6},"end":{"line":77,"column":null}},"40":{"start":{"line":80,"column":4},"end":{"line":82,"column":null}},"41":{"start":{"line":81,"column":6},"end":{"line":81,"column":null}},"42":{"start":{"line":84,"column":4},"end":{"line":91,"column":null}},"43":{"start":{"line":85,"column":6},"end":{"line":87,"column":null}},"44":{"start":{"line":86,"column":8},"end":{"line":86,"column":null}},"45":{"start":{"line":88,"column":6},"end":{"line":90,"column":null}},"46":{"start":{"line":89,"column":8},"end":{"line":89,"column":null}},"47":{"start":{"line":93,"column":4},"end":{"line":93,"column":null}},"48":{"start":{"line":94,"column":4},"end":{"line":94,"column":null}},"49":{"start":{"line":97,"column":23},"end":{"line":121,"column":null}},"50":{"start":{"line":98,"column":4},"end":{"line":98,"column":null}},"51":{"start":{"line":100,"column":4},"end":{"line":102,"column":null}},"52":{"start":{"line":101,"column":6},"end":{"line":101,"column":null}},"53":{"start":{"line":104,"column":31},"end":{"line":107,"column":null}},"54":{"start":{"line":109,"column":4},"end":{"line":114,"column":null}},"55":{"start":{"line":110,"column":6},"end":{"line":110,"column":null}},"56":{"start":{"line":112,"column":6},"end":{"line":112,"column":null}},"57":{"start":{"line":113,"column":6},"end":{"line":113,"column":null}},"58":{"start":{"line":116,"column":4},"end":{"line":118,"column":null}},"59":{"start":{"line":117,"column":6},"end":{"line":117,"column":null}},"60":{"start":{"line":120,"column":4},"end":{"line":120,"column":null}},"61":{"start":{"line":123,"column":2},"end":{"line":293,"column":null}},"62":{"start":{"line":147,"column":33},"end":{"line":147,"column":null}},"63":{"start":{"line":164,"column":33},"end":{"line":164,"column":null}},"64":{"start":{"line":180,"column":33},"end":{"line":180,"column":null}},"65":{"start":{"line":199,"column":37},"end":{"line":199,"column":null}},"66":{"start":{"line":209,"column":37},"end":{"line":209,"column":null}},"67":{"start":{"line":226,"column":37},"end":{"line":226,"column":null}},"68":{"start":{"line":242,"column":37},"end":{"line":242,"column":null}},"69":{"start":{"line":259,"column":35},"end":{"line":259,"column":null}},"70":{"start":{"line":276,"column":33},"end":{"line":276,"column":null}}},"fnMap":{"0":{"name":"InstanceForm","decl":{"start":{"line":24,"column":16},"end":{"line":24,"column":29}},"loc":{"start":{"line":24,"column":113},"end":{"line":295,"column":null}}},"1":{"name":"(anonymous_1)","decl":{"start":{"line":35,"column":12},"end":{"line":35,"column":18}},"loc":{"start":{"line":35,"column":18},"end":{"line":61,"column":5}}},"2":{"name":"(anonymous_2)","decl":{"start":{"line":63,"column":19},"end":{"line":63,"column":25}},"loc":{"start":{"line":63,"column":25},"end":{"line":95,"column":null}}},"3":{"name":"(anonymous_3)","decl":{"start":{"line":97,"column":23},"end":{"line":97,"column":24}},"loc":{"start":{"line":97,"column":47},"end":{"line":121,"column":null}}},"4":{"name":"(anonymous_4)","decl":{"start":{"line":147,"column":26},"end":{"line":147,"column":27}},"loc":{"start":{"line":147,"column":33},"end":{"line":147,"column":null}}},"5":{"name":"(anonymous_5)","decl":{"start":{"line":164,"column":26},"end":{"line":164,"column":27}},"loc":{"start":{"line":164,"column":33},"end":{"line":164,"column":null}}},"6":{"name":"(anonymous_6)","decl":{"start":{"line":180,"column":26},"end":{"line":180,"column":27}},"loc":{"start":{"line":180,"column":33},"end":{"line":180,"column":null}}},"7":{"name":"(anonymous_7)","decl":{"start":{"line":199,"column":30},"end":{"line":199,"column":31}},"loc":{"start":{"line":199,"column":37},"end":{"line":199,"column":null}}},"8":{"name":"(anonymous_8)","decl":{"start":{"line":209,"column":30},"end":{"line":209,"column":31}},"loc":{"start":{"line":209,"column":37},"end":{"line":209,"column":null}}},"9":{"name":"(anonymous_9)","decl":{"start":{"line":226,"column":30},"end":{"line":226,"column":31}},"loc":{"start":{"line":226,"column":37},"end":{"line":226,"column":null}}},"10":{"name":"(anonymous_10)","decl":{"start":{"line":242,"column":30},"end":{"line":242,"column":31}},"loc":{"start":{"line":242,"column":37},"end":{"line":242,"column":null}}},"11":{"name":"(anonymous_11)","decl":{"start":{"line":259,"column":28},"end":{"line":259,"column":29}},"loc":{"start":{"line":259,"column":35},"end":{"line":259,"column":null}}},"12":{"name":"(anonymous_12)","decl":{"start":{"line":276,"column":26},"end":{"line":276,"column":27}},"loc":{"start":{"line":276,"column":33},"end":{"line":276,"column":null}}}},"branchMap":{"0":{"loc":{"start":{"line":36,"column":4},"end":{"line":59,"column":null}},"type":"if","locations":[{"start":{"line":36,"column":4},"end":{"line":59,"column":null}},{"start":{"line":50,"column":11},"end":{"line":59,"column":null}}]},"1":{"loc":{"start":{"line":36,"column":8},"end":{"line":36,"column":38}},"type":"binary-expr","locations":[{"start":{"line":36,"column":8},"end":{"line":36,"column":24}},{"start":{"line":36,"column":24},"end":{"line":36,"column":38}}]},"2":{"loc":{"start":{"line":40,"column":17},"end":{"line":40,"column":73}},"type":"cond-expr","locations":[{"start":{"line":40,"column":40},"end":{"line":40,"column":71}},{"start":{"line":40,"column":71},"end":{"line":40,"column":73}}]},"3":{"loc":{"start":{"line":42,"column":6},"end":{"line":49,"column":null}},"type":"if","locations":[{"start":{"line":42,"column":6},"end":{"line":49,"column":null}},{"start":{"line":45,"column":13},"end":{"line":49,"column":null}}]},"4":{"loc":{"start":{"line":47,"column":20},"end":{"line":47,"column":47}},"type":"binary-expr","locations":[{"start":{"line":47,"column":20},"end":{"line":47,"column":45}},{"start":{"line":47,"column":45},"end":{"line":47,"column":47}}]},"5":{"loc":{"start":{"line":48,"column":20},"end":{"line":48,"column":47}},"type":"binary-expr","locations":[{"start":{"line":48,"column":20},"end":{"line":48,"column":45}},{"start":{"line":48,"column":45},"end":{"line":48,"column":47}}]},"6":{"loc":{"start":{"line":66,"column":4},"end":{"line":70,"column":null}},"type":"if","locations":[{"start":{"line":66,"column":4},"end":{"line":70,"column":null}},{"start":{"line":68,"column":4},"end":{"line":70,"column":null}}]},"7":{"loc":{"start":{"line":68,"column":4},"end":{"line":70,"column":null}},"type":"if","locations":[{"start":{"line":68,"column":4},"end":{"line":70,"column":null}},{"start":{},"end":{}}]},"8":{"loc":{"start":{"line":68,"column":15},"end":{"line":68,"column":69}},"type":"binary-expr","locations":[{"start":{"line":68,"column":15},"end":{"line":68,"column":32}},{"start":{"line":68,"column":32},"end":{"line":68,"column":69}}]},"9":{"loc":{"start":{"line":72,"column":4},"end":{"line":74,"column":null}},"type":"if","locations":[{"start":{"line":72,"column":4},"end":{"line":74,"column":null}},{"start":{},"end":{}}]},"10":{"loc":{"start":{"line":76,"column":4},"end":{"line":78,"column":null}},"type":"if","locations":[{"start":{"line":76,"column":4},"end":{"line":78,"column":null}},{"start":{},"end":{}}]},"11":{"loc":{"start":{"line":80,"column":4},"end":{"line":82,"column":null}},"type":"if","locations":[{"start":{"line":80,"column":4},"end":{"line":82,"column":null}},{"start":{},"end":{}}]},"12":{"loc":{"start":{"line":80,"column":8},"end":{"line":80,"column":49}},"type":"binary-expr","locations":[{"start":{"line":80,"column":8},"end":{"line":80,"column":33}},{"start":{"line":80,"column":33},"end":{"line":80,"column":49}}]},"13":{"loc":{"start":{"line":84,"column":4},"end":{"line":91,"column":null}},"type":"if","locations":[{"start":{"line":84,"column":4},"end":{"line":91,"column":null}},{"start":{},"end":{}}]},"14":{"loc":{"start":{"line":85,"column":6},"end":{"line":87,"column":null}},"type":"if","locations":[{"start":{"line":85,"column":6},"end":{"line":87,"column":null}},{"start":{},"end":{}}]},"15":{"loc":{"start":{"line":88,"column":6},"end":{"line":90,"column":null}},"type":"if","locations":[{"start":{"line":88,"column":6},"end":{"line":90,"column":null}},{"start":{},"end":{}}]},"16":{"loc":{"start":{"line":100,"column":4},"end":{"line":102,"column":null}},"type":"if","locations":[{"start":{"line":100,"column":4},"end":{"line":102,"column":null}},{"start":{},"end":{}}]},"17":{"loc":{"start":{"line":109,"column":4},"end":{"line":114,"column":null}},"type":"if","locations":[{"start":{"line":109,"column":4},"end":{"line":114,"column":null}},{"start":{"line":111,"column":11},"end":{"line":114,"column":null}}]},"18":{"loc":{"start":{"line":116,"column":4},"end":{"line":118,"column":null}},"type":"if","locations":[{"start":{"line":116,"column":4},"end":{"line":118,"column":null}},{"start":{},"end":{}}]},"19":{"loc":{"start":{"line":128,"column":13},"end":{"line":128,"column":null}},"type":"cond-expr","locations":[{"start":{"line":128,"column":28},"end":{"line":128,"column":46}},{"start":{"line":128,"column":46},"end":{"line":128,"column":null}}]},"20":{"loc":{"start":{"line":150,"column":18},"end":{"line":150,"column":null}},"type":"cond-expr","locations":[{"start":{"line":150,"column":32},"end":{"line":150,"column":51}},{"start":{"line":150,"column":51},"end":{"line":150,"column":null}}]},"21":{"loc":{"start":{"line":151,"column":20},"end":{"line":151,"column":72}},"type":"cond-expr","locations":[{"start":{"line":151,"column":35},"end":{"line":151,"column":70}},{"start":{"line":151,"column":70},"end":{"line":151,"column":72}}]},"22":{"loc":{"start":{"line":154,"column":15},"end":{"line":154,"column":null}},"type":"binary-expr","locations":[{"start":{"line":154,"column":15},"end":{"line":154,"column":30}},{"start":{"line":154,"column":30},"end":{"line":154,"column":null}}]},"23":{"loc":{"start":{"line":166,"column":18},"end":{"line":166,"column":null}},"type":"cond-expr","locations":[{"start":{"line":166,"column":31},"end":{"line":166,"column":50}},{"start":{"line":166,"column":50},"end":{"line":166,"column":null}}]},"24":{"loc":{"start":{"line":170,"column":15},"end":{"line":170,"column":null}},"type":"binary-expr","locations":[{"start":{"line":170,"column":15},"end":{"line":170,"column":29}},{"start":{"line":170,"column":29},"end":{"line":170,"column":null}}]},"25":{"loc":{"start":{"line":182,"column":18},"end":{"line":182,"column":null}},"type":"cond-expr","locations":[{"start":{"line":182,"column":30},"end":{"line":182,"column":49}},{"start":{"line":182,"column":49},"end":{"line":182,"column":null}}]},"26":{"loc":{"start":{"line":186,"column":15},"end":{"line":186,"column":null}},"type":"binary-expr","locations":[{"start":{"line":186,"column":15},"end":{"line":186,"column":28}},{"start":{"line":186,"column":28},"end":{"line":186,"column":null}}]},"27":{"loc":{"start":{"line":217,"column":13},"end":{"line":266,"column":null}},"type":"cond-expr","locations":[{"start":{"line":218,"column":14},"end":{"line":250,"column":null}},{"start":{"line":252,"column":14},"end":{"line":266,"column":null}}]},"28":{"loc":{"start":{"line":228,"column":22},"end":{"line":228,"column":null}},"type":"cond-expr","locations":[{"start":{"line":228,"column":40},"end":{"line":228,"column":59}},{"start":{"line":228,"column":59},"end":{"line":228,"column":null}}]},"29":{"loc":{"start":{"line":232,"column":19},"end":{"line":232,"column":null}},"type":"binary-expr","locations":[{"start":{"line":232,"column":19},"end":{"line":232,"column":38}},{"start":{"line":232,"column":38},"end":{"line":232,"column":null}}]},"30":{"loc":{"start":{"line":244,"column":22},"end":{"line":244,"column":null}},"type":"cond-expr","locations":[{"start":{"line":244,"column":40},"end":{"line":244,"column":59}},{"start":{"line":244,"column":59},"end":{"line":244,"column":null}}]},"31":{"loc":{"start":{"line":248,"column":19},"end":{"line":248,"column":null}},"type":"binary-expr","locations":[{"start":{"line":248,"column":19},"end":{"line":248,"column":38}},{"start":{"line":248,"column":38},"end":{"line":248,"column":null}}]},"32":{"loc":{"start":{"line":261,"column":20},"end":{"line":261,"column":null}},"type":"cond-expr","locations":[{"start":{"line":261,"column":36},"end":{"line":261,"column":55}},{"start":{"line":261,"column":55},"end":{"line":261,"column":null}}]},"33":{"loc":{"start":{"line":265,"column":17},"end":{"line":265,"column":null}},"type":"binary-expr","locations":[{"start":{"line":265,"column":17},"end":{"line":265,"column":34}},{"start":{"line":265,"column":34},"end":{"line":265,"column":null}}]},"34":{"loc":{"start":{"line":288,"column":15},"end":{"line":288,"column":null}},"type":"cond-expr","locations":[{"start":{"line":288,"column":30},"end":{"line":288,"column":50}},{"start":{"line":288,"column":50},"end":{"line":288,"column":null}}]}},"s":{"0":0,"1":0,"2":0,"3":0,"4":0,"5":0,"6":0,"7":0,"8":0,"9":0,"10":0,"11":0,"12":0,"13":0,"14":0,"15":0,"16":0,"17":0,"18":0,"19":0,"20":0,"21":0,"22":0,"23":0,"24":0,"25":0,"26":0,"27":0,"28":0,"29":0,"30":0,"31":0,"32":0,"33":0,"34":0,"35":0,"36":0,"37":0,"38":0,"39":0,"40":0,"41":0,"42":0,"43":0,"44":0,"45":0,"46":0,"47":0,"48":0,"49":0,"50":0,"51":0,"52":0,"53":0,"54":0,"55":0,"56":0,"57":0,"58":0,"59":0,"60":0,"61":0,"62":0,"63":0,"64":0,"65":0,"66":0,"67":0,"68":0,"69":0,"70":0},"f":{"0":0,"1":0,"2":0,"3":0,"4":0,"5":0,"6":0,"7":0,"8":0,"9":0,"10":0,"11":0,"12":0},"b":{"0":[0,0],"1":[0,0],"2":[0,0],"3":[0,0],"4":[0,0],"5":[0,0],"6":[0,0],"7":[0,0],"8":[0,0],"9":[0,0],"10":[0,0],"11":[0,0],"12":[0,0],"13":[0,0],"14":[0,0],"15":[0,0],"16":[0,0],"17":[0,0],"18":[0,0],"19":[0,0],"20":[0,0],"21":[0,0],"22":[0,0],"23":[0,0],"24":[0,0],"25":[0,0],"26":[0,0],"27":[0,0],"28":[0,0],"29":[0,0],"30":[0,0],"31":[0,0],"32":[0,0],"33":[0,0],"34":[0,0]}}
,"/workspaces/odoo-rust-mcp/config-ui/src/components/JsonEditor.tsx": {"path":"/workspaces/odoo-rust-mcp/config-ui/src/components/JsonEditor.tsx","statementMap":{"0":{"start":{"line":12,"column":23},"end":{"line":12,"column":null}},"1":{"start":{"line":13,"column":20},"end":{"line":13,"column":null}},"2":{"start":{"line":15,"column":2},"end":{"line":45,"column":null}},"3":{"start":{"line":16,"column":4},"end":{"line":16,"column":null}},"4":{"start":{"line":16,"column":31},"end":{"line":16,"column":null}},"5":{"start":{"line":18,"column":39},"end":{"line":34,"column":null}},"6":{"start":{"line":22,"column":8},"end":{"line":29,"column":null}},"7":{"start":{"line":23,"column":10},"end":{"line":26,"column":null}},"8":{"start":{"line":24,"column":32},"end":{"line":24,"column":null}},"9":{"start":{"line":25,"column":12},"end":{"line":25,"column":null}},"10":{"start":{"line":28,"column":10},"end":{"line":28,"column":null}},"11":{"start":{"line":32,"column":8},"end":{"line":32,"column":null}},"12":{"start":{"line":36,"column":4},"end":{"line":36,"column":null}},"13":{"start":{"line":37,"column":4},"end":{"line":37,"column":null}},"14":{"start":{"line":39,"column":4},"end":{"line":44,"column":null}},"15":{"start":{"line":40,"column":6},"end":{"line":43,"column":null}},"16":{"start":{"line":41,"column":8},"end":{"line":41,"column":null}},"17":{"start":{"line":42,"column":8},"end":{"line":42,"column":null}},"18":{"start":{"line":47,"column":2},"end":{"line":58,"column":null}},"19":{"start":{"line":48,"column":4},"end":{"line":57,"column":null}},"20":{"start":{"line":49,"column":6},"end":{"line":56,"column":null}},"21":{"start":{"line":50,"column":28},"end":{"line":50,"column":null}},"22":{"start":{"line":51,"column":8},"end":{"line":53,"column":null}},"23":{"start":{"line":52,"column":10},"end":{"line":52,"column":null}},"24":{"start":{"line":55,"column":8},"end":{"line":55,"column":null}},"25":{"start":{"line":60,"column":2},"end":{"line":60,"column":null}}},"fnMap":{"0":{"name":"JsonEditor","decl":{"start":{"line":11,"column":16},"end":{"line":11,"column":27}},"loc":{"start":{"line":11,"column":80},"end":{"line":61,"column":null}}},"1":{"name":"(anonymous_1)","decl":{"start":{"line":15,"column":12},"end":{"line":15,"column":18}},"loc":{"start":{"line":15,"column":18},"end":{"line":45,"column":5}}},"2":{"name":"(anonymous_2)","decl":{"start":{"line":21,"column":16},"end":{"line":21,"column":22}},"loc":{"start":{"line":21,"column":22},"end":{"line":30,"column":null}}},"3":{"name":"(anonymous_3)","decl":{"start":{"line":31,"column":15},"end":{"line":31,"column":16}},"loc":{"start":{"line":31,"column":26},"end":{"line":33,"column":null}}},"4":{"name":"(anonymous_4)","decl":{"start":{"line":39,"column":11},"end":{"line":39,"column":17}},"loc":{"start":{"line":39,"column":17},"end":{"line":44,"column":null}}},"5":{"name":"(anonymous_5)","decl":{"start":{"line":47,"column":12},"end":{"line":47,"column":18}},"loc":{"start":{"line":47,"column":18},"end":{"line":58,"column":5}}}},"branchMap":{"0":{"loc":{"start":{"line":11,"column":46},"end":{"line":11,"column":60}},"type":"default-arg","locations":[{"start":{"line":11,"column":53},"end":{"line":11,"column":60}}]},"1":{"loc":{"start":{"line":16,"column":4},"end":{"line":16,"column":null}},"type":"if","locations":[{"start":{"line":16,"column":4},"end":{"line":16,"column":null}},{"start":{},"end":{}}]},"2":{"loc":{"start":{"line":23,"column":10},"end":{"line":26,"column":null}},"type":"if","locations":[{"start":{"line":23,"column":10},"end":{"line":26,"column":null}},{"start":{},"end":{}}]},"3":{"loc":{"start":{"line":40,"column":6},"end":{"line":43,"column":null}},"type":"if","locations":[{"start":{"line":40,"column":6},"end":{"line":43,"column":null}},{"start":{},"end":{}}]},"4":{"loc":{"start":{"line":48,"column":4},"end":{"line":57,"column":null}},"type":"if","locations":[{"start":{"line":48,"column":4},"end":{"line":57,"column":null}},{"start":{},"end":{}}]},"5":{"loc":{"start":{"line":51,"column":8},"end":{"line":53,"column":null}},"type":"if","locations":[{"start":{"line":51,"column":8},"end":{"line":53,"column":null}},{"start":{},"end":{}}]}},"s":{"0":0,"1":0,"2":0,"3":0,"4":0,"5":0,"6":0,"7":0,"8":0,"9":0,"10":0,"11":0,"12":0,"13":0,"14":0,"15":0,"16":0,"17":0,"18":0,"19":0,"20":0,"21":0,"22":0,"23":0,"24":0,"25":0},"f":{"0":0,"1":0,"2":0,"3":0,"4":0,"5":0},"b":{"0":[0],"1":[0,0],"2":[0,0],"3":[0,0],"4":[0,0],"5":[0,0]}}
,"/workspaces/odoo-rust-mcp/config-ui/src/components/LoginForm.tsx": {"path":"/workspaces/odoo-rust-mcp/config-ui/src/components/LoginForm.tsx","statementMap":{"0":{"start":{"line":7,"column":20},"end":{"line":7,"column":null}},"1":{"start":{"line":8,"column":34},"end":{"line":8,"column":null}},"2":{"start":{"line":9,"column":34},"end":{"line":9,"column":null}},"3":{"start":{"line":10,"column":28},"end":{"line":10,"column":null}},"4":{"start":{"line":11,"column":32},"end":{"line":11,"column":null}},"5":{"start":{"line":13,"column":23},"end":{"line":25,"column":null}},"6":{"start":{"line":14,"column":4},"end":{"line":14,"column":null}},"7":{"start":{"line":15,"column":4},"end":{"line":15,"column":null}},"8":{"start":{"line":16,"column":4},"end":{"line":16,"column":null}},"9":{"start":{"line":18,"column":4},"end":{"line":24,"column":null}},"10":{"start":{"line":19,"column":6},"end":{"line":19,"column":null}},"11":{"start":{"line":21,"column":6},"end":{"line":21,"column":null}},"12":{"start":{"line":23,"column":6},"end":{"line":23,"column":null}},"13":{"start":{"line":27,"column":2},"end":{"line":110,"column":null}},"14":{"start":{"line":59,"column":35},"end":{"line":59,"column":null}},"15":{"start":{"line":80,"column":35},"end":{"line":80,"column":null}}},"fnMap":{"0":{"name":"LoginForm","decl":{"start":{"line":6,"column":16},"end":{"line":6,"column":28}},"loc":{"start":{"line":6,"column":28},"end":{"line":112,"column":null}}},"1":{"name":"(anonymous_1)","decl":{"start":{"line":13,"column":23},"end":{"line":13,"column":30}},"loc":{"start":{"line":13,"column":47},"end":{"line":25,"column":null}}},"2":{"name":"(anonymous_2)","decl":{"start":{"line":59,"column":28},"end":{"line":59,"column":29}},"loc":{"start":{"line":59,"column":35},"end":{"line":59,"column":null}}},"3":{"name":"(anonymous_3)","decl":{"start":{"line":80,"column":28},"end":{"line":80,"column":29}},"loc":{"start":{"line":80,"column":35},"end":{"line":80,"column":null}}}},"branchMap":{"0":{"loc":{"start":{"line":21,"column":15},"end":{"line":21,"column":66}},"type":"cond-expr","locations":[{"start":{"line":21,"column":38},"end":{"line":21,"column":52}},{"start":{"line":21,"column":52},"end":{"line":21,"column":66}}]},"1":{"loc":{"start":{"line":40,"column":13},"end":{"line":44,"column":null}},"type":"binary-expr","locations":[{"start":{"line":40,"column":13},"end":{"line":40,"column":null}},{"start":{"line":41,"column":14},"end":{"line":44,"column":null}}]},"2":{"loc":{"start":{"line":94,"column":15},"end":{"line":100,"column":null}},"type":"cond-expr","locations":[{"start":{"line":95,"column":16},"end":{"line":98,"column":null}},{"start":{"line":100,"column":16},"end":{"line":100,"column":null}}]}},"s":{"0":0,"1":0,"2":0,"3":0,"4":0,"5":0,"6":0,"7":0,"8":0,"9":0,"10":0,"11":0,"12":0,"13":0,"14":0,"15":0},"f":{"0":0,"1":0,"2":0,"3":0},"b":{"0":[0,0],"1":[0,0],"2":[0,0]}}
,"/workspaces/odoo-rust-mcp/config-ui/src/components/PromptForm.tsx": {"path":"/workspaces/odoo-rust-mcp/config-ui/src/components/PromptForm.tsx","statementMap":{"0":{"start":{"line":13,"column":34},"end":{"line":17,"column":null}},"1":{"start":{"line":19,"column":30},"end":{"line":19,"column":null}},"2":{"start":{"line":21,"column":2},"end":{"line":28,"column":null}},"3":{"start":{"line":22,"column":4},"end":{"line":26,"column":null}},"4":{"start":{"line":23,"column":6},"end":{"line":23,"column":null}},"5":{"start":{"line":25,"column":6},"end":{"line":25,"column":null}},"6":{"start":{"line":27,"column":4},"end":{"line":27,"column":null}},"7":{"start":{"line":30,"column":19},"end":{"line":43,"column":null}},"8":{"start":{"line":31,"column":59},"end":{"line":31,"column":null}},"9":{"start":{"line":33,"column":4},"end":{"line":35,"column":null}},"10":{"start":{"line":34,"column":6},"end":{"line":34,"column":null}},"11":{"start":{"line":37,"column":4},"end":{"line":39,"column":null}},"12":{"start":{"line":38,"column":6},"end":{"line":38,"column":null}},"13":{"start":{"line":41,"column":4},"end":{"line":41,"column":null}},"14":{"start":{"line":42,"column":4},"end":{"line":42,"column":null}},"15":{"start":{"line":45,"column":23},"end":{"line":58,"column":null}},"16":{"start":{"line":46,"column":4},"end":{"line":46,"column":null}},"17":{"start":{"line":48,"column":4},"end":{"line":50,"column":null}},"18":{"start":{"line":49,"column":6},"end":{"line":49,"column":null}},"19":{"start":{"line":52,"column":4},"end":{"line":57,"column":null}},"20":{"start":{"line":60,"column":2},"end":{"line":133,"column":null}},"21":{"start":{"line":84,"column":33},"end":{"line":84,"column":null}},"22":{"start":{"line":100,"column":33},"end":{"line":100,"column":null}},"23":{"start":{"line":112,"column":33},"end":{"line":112,"column":null}}},"fnMap":{"0":{"name":"PromptForm","decl":{"start":{"line":12,"column":16},"end":{"line":12,"column":27}},"loc":{"start":{"line":12,"column":74},"end":{"line":135,"column":null}}},"1":{"name":"(anonymous_1)","decl":{"start":{"line":21,"column":12},"end":{"line":21,"column":18}},"loc":{"start":{"line":21,"column":18},"end":{"line":28,"column":5}}},"2":{"name":"(anonymous_2)","decl":{"start":{"line":30,"column":19},"end":{"line":30,"column":25}},"loc":{"start":{"line":30,"column":25},"end":{"line":43,"column":null}}},"3":{"name":"(anonymous_3)","decl":{"start":{"line":45,"column":23},"end":{"line":45,"column":24}},"loc":{"start":{"line":45,"column":47},"end":{"line":58,"column":null}}},"4":{"name":"(anonymous_4)","decl":{"start":{"line":84,"column":26},"end":{"line":84,"column":27}},"loc":{"start":{"line":84,"column":33},"end":{"line":84,"column":null}}},"5":{"name":"(anonymous_5)","decl":{"start":{"line":100,"column":26},"end":{"line":100,"column":27}},"loc":{"start":{"line":100,"column":33},"end":{"line":100,"column":null}}},"6":{"name":"(anonymous_6)","decl":{"start":{"line":112,"column":26},"end":{"line":112,"column":27}},"loc":{"start":{"line":112,"column":33},"end":{"line":112,"column":null}}}},"branchMap":{"0":{"loc":{"start":{"line":22,"column":4},"end":{"line":26,"column":null}},"type":"if","locations":[{"start":{"line":22,"column":4},"end":{"line":26,"column":null}},{"start":{"line":24,"column":11},"end":{"line":26,"column":null}}]},"1":{"loc":{"start":{"line":33,"column":4},"end":{"line":35,"column":null}},"type":"if","locations":[{"start":{"line":33,"column":4},"end":{"line":35,"column":null}},{"start":{},"end":{}}]},"2":{"loc":{"start":{"line":37,"column":4},"end":{"line":39,"column":null}},"type":"if","locations":[{"start":{"line":37,"column":4},"end":{"line":39,"column":null}},{"start":{},"end":{}}]},"3":{"loc":{"start":{"line":48,"column":4},"end":{"line":50,"column":null}},"type":"if","locations":[{"start":{"line":48,"column":4},"end":{"line":50,"column":null}},{"start":{},"end":{}}]},"4":{"loc":{"start":{"line":55,"column":19},"end":{"line":55,"column":null}},"type":"binary-expr","locations":[{"start":{"line":55,"column":19},"end":{"line":55,"column":51}},{"start":{"line":55,"column":51},"end":{"line":55,"column":null}}]},"5":{"loc":{"start":{"line":65,"column":13},"end":{"line":65,"column":null}},"type":"cond-expr","locations":[{"start":{"line":65,"column":22},"end":{"line":65,"column":38}},{"start":{"line":65,"column":38},"end":{"line":65,"column":null}}]},"6":{"loc":{"start":{"line":86,"column":18},"end":{"line":86,"column":null}},"type":"cond-expr","locations":[{"start":{"line":86,"column":32},"end":{"line":86,"column":51}},{"start":{"line":86,"column":51},"end":{"line":86,"column":null}}]},"7":{"loc":{"start":{"line":90,"column":15},"end":{"line":90,"column":null}},"type":"binary-expr","locations":[{"start":{"line":90,"column":15},"end":{"line":90,"column":30}},{"start":{"line":90,"column":30},"end":{"line":90,"column":null}}]},"8":{"loc":{"start":{"line":99,"column":23},"end":{"line":99,"column":null}},"type":"binary-expr","locations":[{"start":{"line":99,"column":23},"end":{"line":99,"column":47}},{"start":{"line":99,"column":47},"end":{"line":99,"column":null}}]},"9":{"loc":{"start":{"line":115,"column":18},"end":{"line":115,"column":null}},"type":"cond-expr","locations":[{"start":{"line":115,"column":35},"end":{"line":115,"column":54}},{"start":{"line":115,"column":54},"end":{"line":115,"column":null}}]},"10":{"loc":{"start":{"line":119,"column":15},"end":{"line":119,"column":null}},"type":"binary-expr","locations":[{"start":{"line":119,"column":15},"end":{"line":119,"column":33}},{"start":{"line":119,"column":33},"end":{"line":119,"column":null}}]},"11":{"loc":{"start":{"line":128,"column":15},"end":{"line":128,"column":null}},"type":"cond-expr","locations":[{"start":{"line":128,"column":24},"end":{"line":128,"column":42}},{"start":{"line":128,"column":42},"end":{"line":128,"column":null}}]}},"s":{"0":0,"1":0,"2":0,"3":0,"4":0,"5":0,"6":0,"7":0,"8":0,"9":0,"10":0,"11":0,"12":0,"13":0,"14":0,"15":0,"16":0,"17":0,"18":0,"19":0,"20":0,"21":0,"22":0,"23":0},"f":{"0":0,"1":0,"2":0,"3":0,"4":0,"5":0,"6":0},"b":{"0":[0,0],"1":[0,0],"2":[0,0],"3":[0,0],"4":[0,0],"5":[0,0],"6":[0,0],"7":[0,0],"8":[0,0],"9":[0,0],"10":[0,0],"11":[0,0]}}
,"/workspaces/odoo-rust-mcp/config-ui/src/components/SideNav.tsx": {"path":"/workspaces/odoo-rust-mcp/config-ui/src/components/SideNav.tsx","statementMap":{"0":{"start":{"line":13,"column":44},"end":{"line":13,"column":null}},"1":{"start":{"line":15,"column":19},"end":{"line":21,"column":null}},"2":{"start":{"line":23,"column":2},"end":{"line":80,"column":null}},"3":{"start":{"line":32,"column":23},"end":{"line":32,"column":null}},"4":{"start":{"line":33,"column":27},"end":{"line":33,"column":null}},"5":{"start":{"line":35,"column":10},"end":{"line":47,"column":null}},"6":{"start":{"line":38,"column":29},"end":{"line":38,"column":null}}},"fnMap":{"0":{"name":"SideNav","decl":{"start":{"line":12,"column":16},"end":{"line":12,"column":24}},"loc":{"start":{"line":12,"column":81},"end":{"line":82,"column":null}}},"1":{"name":"(anonymous_1)","decl":{"start":{"line":31,"column":22},"end":{"line":31,"column":23}},"loc":{"start":{"line":31,"column":32},"end":{"line":49,"column":9}}},"2":{"name":"(anonymous_2)","decl":{"start":{"line":38,"column":23},"end":{"line":38,"column":29}},"loc":{"start":{"line":38,"column":29},"end":{"line":38,"column":null}}}},"branchMap":{"0":{"loc":{"start":{"line":12,"column":50},"end":{"line":12,"column":64}},"type":"default-arg","locations":[{"start":{"line":12,"column":59},"end":{"line":12,"column":64}}]},"1":{"loc":{"start":{"line":40,"column":16},"end":{"line":42,"column":null}},"type":"cond-expr","locations":[{"start":{"line":41,"column":20},"end":{"line":41,"column":null}},{"start":{"line":42,"column":20},"end":{"line":42,"column":null}}]},"2":{"loc":{"start":{"line":55,"column":26},"end":{"line":55,"column":98}},"type":"cond-expr","locations":[{"start":{"line":55,"column":35},"end":{"line":55,"column":69}},{"start":{"line":55,"column":69},"end":{"line":55,"column":98}}]},"3":{"loc":{"start":{"line":59,"column":13},"end":{"line":59,"column":null}},"type":"cond-expr","locations":[{"start":{"line":59,"column":22},"end":{"line":59,"column":44}},{"start":{"line":59,"column":44},"end":{"line":59,"column":null}}]},"4":{"loc":{"start":{"line":63,"column":9},"end":{"line":77,"column":null}},"type":"binary-expr","locations":[{"start":{"line":63,"column":9},"end":{"line":63,"column":24}},{"start":{"line":63,"column":24},"end":{"line":63,"column":null}},{"start":{"line":64,"column":10},"end":{"line":77,"column":null}}]}},"s":{"0":0,"1":0,"2":0,"3":0,"4":0,"5":0,"6":0},"f":{"0":0,"1":0,"2":0},"b":{"0":[0],"1":[0,0],"2":[0,0],"3":[0,0],"4":[0,0,0]}}
,"/workspaces/odoo-rust-mcp/config-ui/src/components/StatusMessage.tsx": {"path":"/workspaces/odoo-rust-mcp/config-ui/src/components/StatusMessage.tsx","statementMap":{"0":{"start":{"line":11,"column":19},"end":{"line":44,"column":null}},"1":{"start":{"line":46,"column":17},"end":{"line":46,"column":null}},"2":{"start":{"line":47,"column":15},"end":{"line":47,"column":null}},"3":{"start":{"line":49,"column":2},"end":{"line":67,"column":null}}},"fnMap":{"0":{"name":"StatusMessage","decl":{"start":{"line":10,"column":16},"end":{"line":10,"column":30}},"loc":{"start":{"line":10,"column":73},"end":{"line":69,"column":null}}}},"branchMap":{"0":{"loc":{"start":{"line":54,"column":56},"end":{"line":54,"column":103}},"type":"cond-expr","locations":[{"start":{"line":54,"column":84},"end":{"line":54,"column":101}},{"start":{"line":54,"column":101},"end":{"line":54,"column":103}}]},"1":{"loc":{"start":{"line":57,"column":64},"end":{"line":65,"column":null}},"type":"binary-expr","locations":[{"start":{"line":58,"column":8},"end":{"line":58,"column":35}},{"start":{"line":58,"column":35},"end":{"line":58,"column":65}},{"start":{"line":58,"column":65},"end":{"line":58,"column":null}},{"start":{"line":59,"column":8},"end":{"line":65,"column":null}}]}},"s":{"0":0,"1":0,"2":0,"3":0},"f":{"0":0},"b":{"0":[0,0],"1":[0,0,0,0]}}
,"/workspaces/odoo-rust-mcp/config-ui/src/components/ToolDetail.tsx": {"path":"/workspaces/odoo-rust-mcp/config-ui/src/components/ToolDetail.tsx","statementMap":{"0":{"start":{"line":14,"column":34},"end":{"line":14,"column":null}},"1":{"start":{"line":16,"column":22},"end":{"line":16,"column":null}},"2":{"start":{"line":17,"column":21},"end":{"line":17,"column":null}},"3":{"start":{"line":18,"column":19},"end":{"line":18,"column":null}},"4":{"start":{"line":19,"column":20},"end":{"line":19,"column":null}},"5":{"start":{"line":21,"column":2},"end":{"line":228,"column":null}},"6":{"start":{"line":30,"column":31},"end":{"line":30,"column":null}},"7":{"start":{"line":48,"column":27},"end":{"line":48,"column":null}},"8":{"start":{"line":74,"column":39},"end":{"line":74,"column":null}},"9":{"start":{"line":75,"column":22},"end":{"line":103,"column":null}},"10":{"start":{"line":91,"column":43},"end":{"line":91,"column":null}},"11":{"start":{"line":110,"column":22},"end":{"line":113,"column":null}},"12":{"start":{"line":138,"column":26},"end":{"line":140,"column":null}},"13":{"start":{"line":154,"column":39},"end":{"line":154,"column":null}},"14":{"start":{"line":155,"column":20},"end":{"line":219,"column":null}},"15":{"start":{"line":201,"column":34},"end":{"line":206,"column":null}}},"fnMap":{"0":{"name":"ToolDetail","decl":{"start":{"line":13,"column":16},"end":{"line":13,"column":27}},"loc":{"start":{"line":13,"column":110},"end":{"line":230,"column":null}}},"1":{"name":"(anonymous_1)","decl":{"start":{"line":30,"column":25},"end":{"line":30,"column":31}},"loc":{"start":{"line":30,"column":31},"end":{"line":30,"column":null}}},"2":{"name":"(anonymous_2)","decl":{"start":{"line":48,"column":21},"end":{"line":48,"column":27}},"loc":{"start":{"line":48,"column":27},"end":{"line":48,"column":null}}},"3":{"name":"(anonymous_3)","decl":{"start":{"line":73,"column":41},"end":{"line":73,"column":42}},"loc":{"start":{"line":73,"column":68},"end":{"line":105,"column":21}}},"4":{"name":"(anonymous_4)","decl":{"start":{"line":91,"column":37},"end":{"line":91,"column":43}},"loc":{"start":{"line":91,"column":43},"end":{"line":91,"column":null}}},"5":{"name":"(anonymous_5)","decl":{"start":{"line":109,"column":59},"end":{"line":109,"column":60}},"loc":{"start":{"line":110,"column":22},"end":{"line":113,"column":null}}},"6":{"name":"(anonymous_6)","decl":{"start":{"line":137,"column":57},"end":{"line":137,"column":58}},"loc":{"start":{"line":138,"column":26},"end":{"line":140,"column":null}}},"7":{"name":"(anonymous_7)","decl":{"start":{"line":153,"column":50},"end":{"line":153,"column":51}},"loc":{"start":{"line":153,"column":95},"end":{"line":221,"column":19}}},"8":{"name":"(anonymous_8)","decl":{"start":{"line":200,"column":54},"end":{"line":200,"column":55}},"loc":{"start":{"line":201,"column":34},"end":{"line":206,"column":null}}}},"branchMap":{"0":{"loc":{"start":{"line":13,"column":69},"end":{"line":13,"column":90}},"type":"default-arg","locations":[{"start":{"line":13,"column":87},"end":{"line":13,"column":90}}]},"1":{"loc":{"start":{"line":16,"column":22},"end":{"line":16,"column":null}},"type":"binary-expr","locations":[{"start":{"line":16,"column":22},"end":{"line":16,"column":42}},{"start":{"line":16,"column":42},"end":{"line":16,"column":null}}]},"2":{"loc":{"start":{"line":17,"column":21},"end":{"line":17,"column":null}},"type":"binary-expr","locations":[{"start":{"line":17,"column":21},"end":{"line":17,"column":47}},{"start":{"line":17,"column":47},"end":{"line":17,"column":null}}]},"3":{"loc":{"start":{"line":18,"column":19},"end":{"line":18,"column":null}},"type":"binary-expr","locations":[{"start":{"line":18,"column":19},"end":{"line":18,"column":43}},{"start":{"line":18,"column":43},"end":{"line":18,"column":null}}]},"4":{"loc":{"start":{"line":19,"column":20},"end":{"line":19,"column":null}},"type":"binary-expr","locations":[{"start":{"line":19,"column":20},"end":{"line":19,"column":35}},{"start":{"line":19,"column":35},"end":{"line":19,"column":null}}]},"5":{"loc":{"start":{"line":23,"column":6},"end":{"line":23,"column":null}},"type":"cond-expr","locations":[{"start":{"line":23,"column":16},"end":{"line":23,"column":47}},{"start":{"line":23,"column":47},"end":{"line":23,"column":null}}]},"6":{"loc":{"start":{"line":33,"column":17},"end":{"line":33,"column":null}},"type":"cond-expr","locations":[{"start":{"line":33,"column":28},"end":{"line":33,"column":56}},{"start":{"line":33,"column":56},"end":{"line":33,"column":null}}]},"7":{"loc":{"start":{"line":38,"column":15},"end":{"line":39,"column":null}},"type":"binary-expr","locations":[{"start":{"line":38,"column":15},"end":{"line":38,"column":null}},{"start":{"line":39,"column":16},"end":{"line":39,"column":null}}]},"8":{"loc":{"start":{"line":43,"column":15},"end":{"line":43,"column":null}},"type":"binary-expr","locations":[{"start":{"line":43,"column":15},"end":{"line":43,"column":35}},{"start":{"line":43,"column":35},"end":{"line":43,"column":null}}]},"9":{"loc":{"start":{"line":50,"column":14},"end":{"line":50,"column":null}},"type":"cond-expr","locations":[{"start":{"line":50,"column":24},"end":{"line":50,"column":40}},{"start":{"line":50,"column":40},"end":{"line":50,"column":null}}]},"10":{"loc":{"start":{"line":52,"column":19},"end":{"line":52,"column":null}},"type":"cond-expr","locations":[{"start":{"line":52,"column":29},"end":{"line":52,"column":46}},{"start":{"line":52,"column":46},"end":{"line":52,"column":null}}]},"11":{"loc":{"start":{"line":56,"column":16},"end":{"line":56,"column":null}},"type":"cond-expr","locations":[{"start":{"line":56,"column":26},"end":{"line":56,"column":44}},{"start":{"line":56,"column":44},"end":{"line":56,"column":null}}]},"12":{"loc":{"start":{"line":62,"column":9},"end":{"line":225,"column":null}},"type":"binary-expr","locations":[{"start":{"line":62,"column":9},"end":{"line":62,"column":null}},{"start":{"line":63,"column":10},"end":{"line":225,"column":null}}]},"13":{"loc":{"start":{"line":64,"column":14},"end":{"line":119,"column":null}},"type":"binary-expr","locations":[{"start":{"line":64,"column":14},"end":{"line":64,"column":27}},{"start":{"line":64,"column":27},"end":{"line":64,"column":null}},{"start":{"line":65,"column":14},"end":{"line":119,"column":null}}]},"14":{"loc":{"start":{"line":71,"column":17},"end":{"line":117,"column":null}},"type":"cond-expr","locations":[{"start":{"line":72,"column":18},"end":{"line":106,"column":null}},{"start":{"line":107,"column":20},"end":{"line":117,"column":null}}]},"15":{"loc":{"start":{"line":71,"column":17},"end":{"line":71,"column":null}},"type":"binary-expr","locations":[{"start":{"line":71,"column":17},"end":{"line":71,"column":47}},{"start":{"line":71,"column":47},"end":{"line":71,"column":null}}]},"16":{"loc":{"start":{"line":79,"column":28},"end":{"line":81,"column":null}},"type":"cond-expr","locations":[{"start":{"line":80,"column":32},"end":{"line":80,"column":null}},{"start":{"line":81,"column":32},"end":{"line":81,"column":null}}]},"17":{"loc":{"start":{"line":93,"column":30},"end":{"line":93,"column":null}},"type":"cond-expr","locations":[{"start":{"line":93,"column":41},"end":{"line":93,"column":59}},{"start":{"line":93,"column":59},"end":{"line":93,"column":null}}]},"18":{"loc":{"start":{"line":95,"column":35},"end":{"line":95,"column":null}},"type":"cond-expr","locations":[{"start":{"line":95,"column":46},"end":{"line":95,"column":63}},{"start":{"line":95,"column":63},"end":{"line":95,"column":null}}]},"19":{"loc":{"start":{"line":99,"column":32},"end":{"line":99,"column":null}},"type":"cond-expr","locations":[{"start":{"line":99,"column":43},"end":{"line":99,"column":61}},{"start":{"line":99,"column":61},"end":{"line":99,"column":null}}]},"20":{"loc":{"start":{"line":107,"column":20},"end":{"line":117,"column":null}},"type":"cond-expr","locations":[{"start":{"line":108,"column":18},"end":{"line":115,"column":null}},{"start":{"line":117,"column":18},"end":{"line":117,"column":null}}]},"21":{"loc":{"start":{"line":109,"column":36},"end":{"line":109,"column":53}},"type":"binary-expr","locations":[{"start":{"line":109,"column":36},"end":{"line":109,"column":51}},{"start":{"line":109,"column":51},"end":{"line":109,"column":53}}]},"22":{"loc":{"start":{"line":122,"column":13},"end":{"line":146,"column":null}},"type":"binary-expr","locations":[{"start":{"line":122,"column":13},"end":{"line":122,"column":null}},{"start":{"line":123,"column":14},"end":{"line":146,"column":null}}]},"23":{"loc":{"start":{"line":133,"column":19},"end":{"line":143,"column":null}},"type":"binary-expr","locations":[{"start":{"line":133,"column":19},"end":{"line":133,"column":null}},{"start":{"line":134,"column":20},"end":{"line":143,"column":null}}]},"24":{"loc":{"start":{"line":149,"column":13},"end":{"line":223,"column":null}},"type":"binary-expr","locations":[{"start":{"line":149,"column":13},"end":{"line":149,"column":null}},{"start":{"line":150,"column":14},"end":{"line":223,"column":null}}]},"25":{"loc":{"start":{"line":159,"column":26},"end":{"line":161,"column":null}},"type":"cond-expr","locations":[{"start":{"line":160,"column":30},"end":{"line":160,"column":null}},{"start":{"line":161,"column":30},"end":{"line":161,"column":null}}]},"26":{"loc":{"start":{"line":168,"column":27},"end":{"line":171,"column":null}},"type":"binary-expr","locations":[{"start":{"line":168,"column":27},"end":{"line":168,"column":null}},{"start":{"line":169,"column":28},"end":{"line":171,"column":null}}]},"27":{"loc":{"start":{"line":179,"column":31},"end":{"line":179,"column":null}},"type":"binary-expr","locations":[{"start":{"line":179,"column":31},"end":{"line":179,"column":51}},{"start":{"line":179,"column":51},"end":{"line":179,"column":null}}]},"28":{"loc":{"start":{"line":180,"column":31},"end":{"line":185,"column":null}},"type":"binary-expr","locations":[{"start":{"line":180,"column":31},"end":{"line":180,"column":null}},{"start":{"line":181,"column":32},"end":{"line":185,"column":null}}]},"29":{"loc":{"start":{"line":183,"column":35},"end":{"line":183,"column":null}},"type":"binary-expr","locations":[{"start":{"line":183,"column":35},"end":{"line":183,"column":61}},{"start":{"line":183,"column":61},"end":{"line":183,"column":null}}]},"30":{"loc":{"start":{"line":190,"column":27},"end":{"line":193,"column":null}},"type":"binary-expr","locations":[{"start":{"line":190,"column":27},"end":{"line":190,"column":null}},{"start":{"line":191,"column":28},"end":{"line":193,"column":null}}]},"31":{"loc":{"start":{"line":196,"column":27},"end":{"line":209,"column":null}},"type":"binary-expr","locations":[{"start":{"line":196,"column":27},"end":{"line":196,"column":null}},{"start":{"line":197,"column":28},"end":{"line":209,"column":null}}]},"32":{"loc":{"start":{"line":212,"column":27},"end":{"line":216,"column":null}},"type":"binary-expr","locations":[{"start":{"line":212,"column":27},"end":{"line":212,"column":null}},{"start":{"line":213,"column":28},"end":{"line":216,"column":null}}]}},"s":{"0":0,"1":0,"2":0,"3":0,"4":0,"5":0,"6":0,"7":0,"8":0,"9":0,"10":0,"11":0,"12":0,"13":0,"14":0,"15":0},"f":{"0":0,"1":0,"2":0,"3":0,"4":0,"5":0,"6":0,"7":0,"8":0},"b":{"0":[0],"1":[0,0],"2":[0,0],"3":[0,0],"4":[0,0],"5":[0,0],"6":[0,0],"7":[0,0],"8":[0,0],"9":[0,0],"10":[0,0],"11":[0,0],"12":[0,0],"13":[0,0,0],"14":[0,0],"15":[0,0],"16":[0,0],"17":[0,0],"18":[0,0],"19":[0,0],"20":[0,0],"21":[0,0],"22":[0,0],"23":[0,0],"24":[0,0],"25":[0,0],"26":[0,0],"27":[0,0],"28":[0,0],"29":[0,0],"30":[0,0],"31":[0,0],"32":[0,0]}}
,"/workspaces/odoo-rust-mcp/config-ui/src/components/tabs/InstancesTab.tsx": {"path":"/workspaces/odoo-rust-mcp/config-ui/src/components/tabs/InstancesTab.tsx","statementMap":{"0":{"start":{"line":11,"column":42},"end":{"line":11,"column":null}},"1":{"start":{"line":12,"column":30},"end":{"line":12,"column":null}},"2":{"start":{"line":13,"column":34},"end":{"line":13,"column":null}},"3":{"start":{"line":14,"column":40},"end":{"line":14,"column":null}},"4":{"start":{"line":16,"column":2},"end":{"line":18,"column":null}},"5":{"start":{"line":17,"column":4},"end":{"line":17,"column":null}},"6":{"start":{"line":20,"column":24},"end":{"line":27,"column":null}},"7":{"start":{"line":21,"column":4},"end":{"line":26,"column":null}},"8":{"start":{"line":22,"column":19},"end":{"line":22,"column":null}},"9":{"start":{"line":23,"column":6},"end":{"line":23,"column":null}},"10":{"start":{"line":25,"column":6},"end":{"line":25,"column":null}},"11":{"start":{"line":29,"column":20},"end":{"line":32,"column":null}},"12":{"start":{"line":30,"column":4},"end":{"line":30,"column":null}},"13":{"start":{"line":31,"column":4},"end":{"line":31,"column":null}},"14":{"start":{"line":34,"column":21},"end":{"line":37,"column":null}},"15":{"start":{"line":35,"column":4},"end":{"line":35,"column":null}},"16":{"start":{"line":36,"column":4},"end":{"line":36,"column":null}},"17":{"start":{"line":39,"column":23},"end":{"line":52,"column":null}},"18":{"start":{"line":40,"column":4},"end":{"line":42,"column":null}},"19":{"start":{"line":41,"column":6},"end":{"line":41,"column":null}},"20":{"start":{"line":44,"column":4},"end":{"line":51,"column":null}},"21":{"start":{"line":45,"column":28},"end":{"line":45,"column":null}},"22":{"start":{"line":46,"column":6},"end":{"line":46,"column":null}},"23":{"start":{"line":47,"column":6},"end":{"line":47,"column":null}},"24":{"start":{"line":48,"column":6},"end":{"line":48,"column":null}},"25":{"start":{"line":50,"column":6},"end":{"line":50,"column":null}},"26":{"start":{"line":54,"column":29},"end":{"line":71,"column":null}},"27":{"start":{"line":55,"column":4},"end":{"line":70,"column":null}},"28":{"start":{"line":56,"column":28},"end":{"line":56,"column":null}},"29":{"start":{"line":58,"column":6},"end":{"line":60,"column":null}},"30":{"start":{"line":59,"column":8},"end":{"line":59,"column":null}},"31":{"start":{"line":62,"column":6},"end":{"line":62,"column":null}},"32":{"start":{"line":64,"column":6},"end":{"line":64,"column":null}},"33":{"start":{"line":65,"column":6},"end":{"line":65,"column":null}},"34":{"start":{"line":66,"column":6},"end":{"line":66,"column":null}},"35":{"start":{"line":67,"column":6},"end":{"line":67,"column":null}},"36":{"start":{"line":69,"column":6},"end":{"line":69,"column":null}},"37":{"start":{"line":73,"column":20},"end":{"line":73,"column":null}},"38":{"start":{"line":74,"column":24},"end":{"line":74,"column":null}},"39":{"start":{"line":76,"column":2},"end":{"line":237,"column":null}},"40":{"start":{"line":153,"column":35},"end":{"line":153,"column":null}},"41":{"start":{"line":154,"column":35},"end":{"line":154,"column":null}},"42":{"start":{"line":155,"column":35},"end":{"line":155,"column":null}},"43":{"start":{"line":157,"column":18},"end":{"line":216,"column":null}},"44":{"start":{"line":201,"column":43},"end":{"line":201,"column":null}},"45":{"start":{"line":208,"column":43},"end":{"line":208,"column":null}},"46":{"start":{"line":232,"column":12},"end":{"line":232,"column":null}},"47":{"start":{"line":233,"column":12},"end":{"line":233,"column":null}}},"fnMap":{"0":{"name":"InstancesTab","decl":{"start":{"line":10,"column":16},"end":{"line":10,"column":31}},"loc":{"start":{"line":10,"column":31},"end":{"line":239,"column":null}}},"1":{"name":"(anonymous_1)","decl":{"start":{"line":16,"column":12},"end":{"line":16,"column":18}},"loc":{"start":{"line":16,"column":18},"end":{"line":18,"column":5}}},"2":{"name":"(anonymous_2)","decl":{"start":{"line":20,"column":24},"end":{"line":20,"column":36}},"loc":{"start":{"line":20,"column":36},"end":{"line":27,"column":null}}},"3":{"name":"(anonymous_3)","decl":{"start":{"line":29,"column":20},"end":{"line":29,"column":26}},"loc":{"start":{"line":29,"column":26},"end":{"line":32,"column":null}}},"4":{"name":"(anonymous_4)","decl":{"start":{"line":34,"column":21},"end":{"line":34,"column":22}},"loc":{"start":{"line":34,"column":39},"end":{"line":37,"column":null}}},"5":{"name":"(anonymous_5)","decl":{"start":{"line":39,"column":23},"end":{"line":39,"column":30}},"loc":{"start":{"line":39,"column":47},"end":{"line":52,"column":null}}},"6":{"name":"(anonymous_6)","decl":{"start":{"line":54,"column":29},"end":{"line":54,"column":36}},"loc":{"start":{"line":54,"column":64},"end":{"line":71,"column":null}}},"7":{"name":"(anonymous_7)","decl":{"start":{"line":98,"column":47},"end":{"line":98,"column":53}},"loc":{"start":{"line":98,"column":53},"end":{"line":98,"column":58}}},"8":{"name":"(anonymous_8)","decl":{"start":{"line":152,"column":31},"end":{"line":152,"column":32}},"loc":{"start":{"line":152,"column":53},"end":{"line":218,"column":17}}},"9":{"name":"(anonymous_9)","decl":{"start":{"line":201,"column":37},"end":{"line":201,"column":43}},"loc":{"start":{"line":201,"column":43},"end":{"line":201,"column":null}}},"10":{"name":"(anonymous_10)","decl":{"start":{"line":208,"column":37},"end":{"line":208,"column":43}},"loc":{"start":{"line":208,"column":43},"end":{"line":208,"column":null}}},"11":{"name":"(anonymous_11)","decl":{"start":{"line":231,"column":20},"end":{"line":231,"column":26}},"loc":{"start":{"line":231,"column":26},"end":{"line":234,"column":null}}}},"branchMap":{"0":{"loc":{"start":{"line":40,"column":4},"end":{"line":42,"column":null}},"type":"if","locations":[{"start":{"line":40,"column":4},"end":{"line":42,"column":null}},{"start":{},"end":{}}]},"1":{"loc":{"start":{"line":58,"column":6},"end":{"line":60,"column":null}},"type":"if","locations":[{"start":{"line":58,"column":6},"end":{"line":60,"column":null}},{"start":{},"end":{}}]},"2":{"loc":{"start":{"line":58,"column":10},"end":{"line":58,"column":47}},"type":"binary-expr","locations":[{"start":{"line":58,"column":10},"end":{"line":58,"column":25}},{"start":{"line":58,"column":25},"end":{"line":58,"column":47}}]},"3":{"loc":{"start":{"line":95,"column":7},"end":{"line":99,"column":null}},"type":"binary-expr","locations":[{"start":{"line":95,"column":7},"end":{"line":95,"column":null}},{"start":{"line":96,"column":8},"end":{"line":99,"column":null}}]},"4":{"loc":{"start":{"line":98,"column":21},"end":{"line":98,"column":null}},"type":"cond-expr","locations":[{"start":{"line":98,"column":47},"end":{"line":98,"column":58}},{"start":{"line":98,"column":58},"end":{"line":98,"column":null}}]},"5":{"loc":{"start":{"line":118,"column":9},"end":{"line":221,"column":null}},"type":"cond-expr","locations":[{"start":{"line":119,"column":10},"end":{"line":125,"column":null}},{"start":{"line":127,"column":10},"end":{"line":221,"column":null}}]},"6":{"loc":{"start":{"line":153,"column":35},"end":{"line":153,"column":null}},"type":"cond-expr","locations":[{"start":{"line":153,"column":53},"end":{"line":153,"column":65}},{"start":{"line":153,"column":65},"end":{"line":153,"column":null}}]},"7":{"loc":{"start":{"line":154,"column":35},"end":{"line":154,"column":null}},"type":"cond-expr","locations":[{"start":{"line":154,"column":53},"end":{"line":154,"column":59}},{"start":{"line":154,"column":59},"end":{"line":154,"column":null}}]},"8":{"loc":{"start":{"line":190,"column":25},"end":{"line":195,"column":null}},"type":"cond-expr","locations":[{"start":{"line":191,"column":26},"end":{"line":193,"column":null}},{"start":{"line":195,"column":26},"end":{"line":195,"column":null}}]},"9":{"loc":{"start":{"line":225,"column":7},"end":{"line":235,"column":null}},"type":"binary-expr","locations":[{"start":{"line":225,"column":7},"end":{"line":225,"column":null}},{"start":{"line":226,"column":8},"end":{"line":235,"column":null}}]},"10":{"loc":{"start":{"line":228,"column":24},"end":{"line":228,"column":null}},"type":"cond-expr","locations":[{"start":{"line":228,"column":38},"end":{"line":228,"column":60}},{"start":{"line":228,"column":60},"end":{"line":228,"column":null}}]}},"s":{"0":0,"1":0,"2":0,"3":0,"4":0,"5":0,"6":0,"7":0,"8":0,"9":0,"10":0,"11":0,"12":0,"13":0,"14":0,"15":0,"16":0,"17":0,"18":0,"19":0,"20":0,"21":0,"22":0,"23":0,"24":0,"25":0,"26":0,"27":0,"28":0,"29":0,"30":0,"31":0,"32":0,"33":0,"34":0,"35":0,"36":0,"37":0,"38":0,"39":0,"40":0,"41":0,"42":0,"43":0,"44":0,"45":0,"46":0,"47":0},"f":{"0":0,"1":0,"2":0,"3":0,"4":0,"5":0,"6":0,"7":0,"8":0,"9":0,"10":0,"11":0},"b":{"0":[0,0],"1":[0,0],"2":[0,0],"3":[0,0],"4":[0,0],"5":[0,0],"6":[0,0],"7":[0,0],"8":[0,0],"9":[0,0],"10":[0,0]}}
,"/workspaces/odoo-rust-mcp/config-ui/src/components/tabs/PromptsTab.tsx": {"path":"/workspaces/odoo-rust-mcp/config-ui/src/components/tabs/PromptsTab.tsx","statementMap":{"0":{"start":{"line":11,"column":42},"end":{"line":11,"column":null}},"1":{"start":{"line":12,"column":32},"end":{"line":12,"column":null}},"2":{"start":{"line":13,"column":34},"end":{"line":13,"column":null}},"3":{"start":{"line":14,"column":44},"end":{"line":14,"column":null}},"4":{"start":{"line":15,"column":42},"end":{"line":15,"column":null}},"5":{"start":{"line":17,"column":2},"end":{"line":19,"column":null}},"6":{"start":{"line":18,"column":4},"end":{"line":18,"column":null}},"7":{"start":{"line":21,"column":22},"end":{"line":28,"column":null}},"8":{"start":{"line":22,"column":4},"end":{"line":27,"column":null}},"9":{"start":{"line":23,"column":19},"end":{"line":23,"column":null}},"10":{"start":{"line":24,"column":6},"end":{"line":24,"column":null}},"11":{"start":{"line":26,"column":6},"end":{"line":26,"column":null}},"12":{"start":{"line":30,"column":20},"end":{"line":34,"column":null}},"13":{"start":{"line":31,"column":4},"end":{"line":31,"column":null}},"14":{"start":{"line":32,"column":4},"end":{"line":32,"column":null}},"15":{"start":{"line":33,"column":4},"end":{"line":33,"column":null}},"16":{"start":{"line":36,"column":21},"end":{"line":40,"column":null}},"17":{"start":{"line":37,"column":4},"end":{"line":37,"column":null}},"18":{"start":{"line":38,"column":4},"end":{"line":38,"column":null}},"19":{"start":{"line":39,"column":4},"end":{"line":39,"column":null}},"20":{"start":{"line":42,"column":23},"end":{"line":54,"column":null}},"21":{"start":{"line":43,"column":4},"end":{"line":45,"column":null}},"22":{"start":{"line":44,"column":6},"end":{"line":44,"column":null}},"23":{"start":{"line":47,"column":4},"end":{"line":53,"column":null}},"24":{"start":{"line":48,"column":29},"end":{"line":48,"column":null}},"25":{"start":{"line":48,"column":54},"end":{"line":48,"column":65}},"26":{"start":{"line":49,"column":6},"end":{"line":49,"column":null}},"27":{"start":{"line":50,"column":6},"end":{"line":50,"column":null}},"28":{"start":{"line":52,"column":6},"end":{"line":52,"column":null}},"29":{"start":{"line":56,"column":27},"end":{"line":79,"column":null}},"30":{"start":{"line":57,"column":4},"end":{"line":78,"column":null}},"31":{"start":{"line":60,"column":6},"end":{"line":69,"column":null}},"32":{"start":{"line":61,"column":8},"end":{"line":61,"column":null}},"33":{"start":{"line":61,"column":48},"end":{"line":61,"column":80}},"34":{"start":{"line":63,"column":23},"end":{"line":63,"column":null}},"35":{"start":{"line":63,"column":41},"end":{"line":63,"column":63}},"36":{"start":{"line":64,"column":8},"end":{"line":67,"column":null}},"37":{"start":{"line":65,"column":10},"end":{"line":65,"column":null}},"38":{"start":{"line":66,"column":10},"end":{"line":66,"column":null}},"39":{"start":{"line":68,"column":8},"end":{"line":68,"column":null}},"40":{"start":{"line":71,"column":6},"end":{"line":71,"column":null}},"41":{"start":{"line":72,"column":6},"end":{"line":72,"column":null}},"42":{"start":{"line":73,"column":6},"end":{"line":73,"column":null}},"43":{"start":{"line":74,"column":6},"end":{"line":74,"column":null}},"44":{"start":{"line":75,"column":6},"end":{"line":75,"column":null}},"45":{"start":{"line":77,"column":6},"end":{"line":77,"column":null}},"46":{"start":{"line":81,"column":26},"end":{"line":84,"column":null}},"47":{"start":{"line":82,"column":4},"end":{"line":82,"column":null}},"48":{"start":{"line":82,"column":37},"end":{"line":82,"column":null}},"49":{"start":{"line":83,"column":4},"end":{"line":83,"column":null}},"50":{"start":{"line":86,"column":2},"end":{"line":213,"column":null}},"51":{"start":{"line":157,"column":18},"end":{"line":194,"column":null}},"52":{"start":{"line":179,"column":41},"end":{"line":179,"column":null}},"53":{"start":{"line":186,"column":41},"end":{"line":186,"column":null}},"54":{"start":{"line":207,"column":12},"end":{"line":207,"column":null}},"55":{"start":{"line":208,"column":12},"end":{"line":208,"column":null}},"56":{"start":{"line":209,"column":12},"end":{"line":209,"column":null}}},"fnMap":{"0":{"name":"PromptsTab","decl":{"start":{"line":10,"column":16},"end":{"line":10,"column":29}},"loc":{"start":{"line":10,"column":29},"end":{"line":215,"column":null}}},"1":{"name":"(anonymous_1)","decl":{"start":{"line":17,"column":12},"end":{"line":17,"column":18}},"loc":{"start":{"line":17,"column":18},"end":{"line":19,"column":5}}},"2":{"name":"(anonymous_2)","decl":{"start":{"line":21,"column":22},"end":{"line":21,"column":34}},"loc":{"start":{"line":21,"column":34},"end":{"line":28,"column":null}}},"3":{"name":"(anonymous_3)","decl":{"start":{"line":30,"column":20},"end":{"line":30,"column":26}},"loc":{"start":{"line":30,"column":26},"end":{"line":34,"column":null}}},"4":{"name":"(anonymous_4)","decl":{"start":{"line":36,"column":21},"end":{"line":36,"column":22}},"loc":{"start":{"line":36,"column":62},"end":{"line":40,"column":null}}},"5":{"name":"(anonymous_5)","decl":{"start":{"line":42,"column":23},"end":{"line":42,"column":30}},"loc":{"start":{"line":42,"column":48},"end":{"line":54,"column":null}}},"6":{"name":"(anonymous_6)","decl":{"start":{"line":48,"column":44},"end":{"line":48,"column":45}},"loc":{"start":{"line":48,"column":54},"end":{"line":48,"column":65}}},"7":{"name":"(anonymous_7)","decl":{"start":{"line":56,"column":27},"end":{"line":56,"column":34}},"loc":{"start":{"line":56,"column":59},"end":{"line":79,"column":null}}},"8":{"name":"(anonymous_8)","decl":{"start":{"line":61,"column":37},"end":{"line":61,"column":38}},"loc":{"start":{"line":61,"column":48},"end":{"line":61,"column":80}}},"9":{"name":"(anonymous_9)","decl":{"start":{"line":63,"column":36},"end":{"line":63,"column":41}},"loc":{"start":{"line":63,"column":41},"end":{"line":63,"column":63}}},"10":{"name":"(anonymous_10)","decl":{"start":{"line":81,"column":26},"end":{"line":81,"column":27}},"loc":{"start":{"line":81,"column":72},"end":{"line":84,"column":null}}},"11":{"name":"(anonymous_11)","decl":{"start":{"line":108,"column":47},"end":{"line":108,"column":53}},"loc":{"start":{"line":108,"column":53},"end":{"line":108,"column":58}}},"12":{"name":"(anonymous_12)","decl":{"start":{"line":156,"column":29},"end":{"line":156,"column":30}},"loc":{"start":{"line":157,"column":18},"end":{"line":194,"column":null}}},"13":{"name":"(anonymous_13)","decl":{"start":{"line":179,"column":35},"end":{"line":179,"column":41}},"loc":{"start":{"line":179,"column":41},"end":{"line":179,"column":null}}},"14":{"name":"(anonymous_14)","decl":{"start":{"line":186,"column":35},"end":{"line":186,"column":41}},"loc":{"start":{"line":186,"column":41},"end":{"line":186,"column":null}}},"15":{"name":"(anonymous_15)","decl":{"start":{"line":206,"column":20},"end":{"line":206,"column":26}},"loc":{"start":{"line":206,"column":26},"end":{"line":210,"column":null}}}},"branchMap":{"0":{"loc":{"start":{"line":43,"column":4},"end":{"line":45,"column":null}},"type":"if","locations":[{"start":{"line":43,"column":4},"end":{"line":45,"column":null}},{"start":{},"end":{}}]},"1":{"loc":{"start":{"line":60,"column":6},"end":{"line":69,"column":null}},"type":"if","locations":[{"start":{"line":60,"column":6},"end":{"line":69,"column":null}},{"start":{"line":62,"column":13},"end":{"line":69,"column":null}}]},"2":{"loc":{"start":{"line":61,"column":48},"end":{"line":61,"column":80}},"type":"cond-expr","locations":[{"start":{"line":61,"column":69},"end":{"line":61,"column":78}},{"start":{"line":61,"column":78},"end":{"line":61,"column":80}}]},"3":{"loc":{"start":{"line":64,"column":8},"end":{"line":67,"column":null}},"type":"if","locations":[{"start":{"line":64,"column":8},"end":{"line":67,"column":null}},{"start":{},"end":{}}]},"4":{"loc":{"start":{"line":81,"column":44},"end":{"line":81,"column":72}},"type":"default-arg","locations":[{"start":{"line":81,"column":64},"end":{"line":81,"column":72}}]},"5":{"loc":{"start":{"line":82,"column":4},"end":{"line":82,"column":null}},"type":"if","locations":[{"start":{"line":82,"column":4},"end":{"line":82,"column":null}},{"start":{},"end":{}}]},"6":{"loc":{"start":{"line":105,"column":7},"end":{"line":109,"column":null}},"type":"binary-expr","locations":[{"start":{"line":105,"column":7},"end":{"line":105,"column":null}},{"start":{"line":106,"column":8},"end":{"line":109,"column":null}}]},"7":{"loc":{"start":{"line":108,"column":21},"end":{"line":108,"column":null}},"type":"cond-expr","locations":[{"start":{"line":108,"column":47},"end":{"line":108,"column":58}},{"start":{"line":108,"column":58},"end":{"line":108,"column":null}}]},"8":{"loc":{"start":{"line":128,"column":9},"end":{"line":198,"column":null}},"type":"cond-expr","locations":[{"start":{"line":129,"column":10},"end":{"line":135,"column":null}},{"start":{"line":137,"column":10},"end":{"line":198,"column":null}}]},"9":{"loc":{"start":{"line":168,"column":25},"end":{"line":168,"column":null}},"type":"binary-expr","locations":[{"start":{"line":168,"column":25},"end":{"line":168,"column":47}},{"start":{"line":168,"column":47},"end":{"line":168,"column":null}}]},"10":{"loc":{"start":{"line":202,"column":7},"end":{"line":211,"column":null}},"type":"binary-expr","locations":[{"start":{"line":202,"column":7},"end":{"line":202,"column":null}},{"start":{"line":203,"column":8},"end":{"line":211,"column":null}}]}},"s":{"0":0,"1":0,"2":0,"3":0,"4":0,"5":0,"6":0,"7":0,"8":0,"9":0,"10":0,"11":0,"12":0,"13":0,"14":0,"15":0,"16":0,"17":0,"18":0,"19":0,"20":0,"21":0,"22":0,"23":0,"24":0,"25":0,"26":0,"27":0,"28":0,"29":0,"30":0,"31":0,"32":0,"33":0,"34":0,"35":0,"36":0,"37":0,"38":0,"39":0,"40":0,"41":0,"42":0,"43":0,"44":0,"45":0,"46":0,"47":0,"48":0,"49":0,"50":0,"51":0,"52":0,"53":0,"54":0,"55":0,"56":0},"f":{"0":0,"1":0,"2":0,"3":0,"4":0,"5":0,"6":0,"7":0,"8":0,"9":0,"10":0,"11":0,"12":0,"13":0,"14":0,"15":0},"b":{"0":[0,0],"1":[0,0],"2":[0,0],"3":[0,0],"4":[0],"5":[0,0],"6":[0,0],"7":[0,0],"8":[0,0],"9":[0,0],"10":[0,0]}}
[...]
,"/workspaces/odoo-rust-mcp/config-ui/src/hooks/useAuth.ts": {"path":"/workspaces/odoo-rust-mcp/config-ui/src/hooks/useAuth.ts","statementMap":{"0":{"start":{"line":6,"column":2},"end":{"line":6,"column":null}},"1":{"start":{"line":10,"column":20},"end":{"line":10,"column":null}},"2":{"start":{"line":11,"column":32},"end":{"line":11,"column":null}},"3":{"start":{"line":12,"column":28},"end":{"line":12,"column":null}},"4":{"start":{"line":14,"column":21},"end":{"line":20,"column":null}},"5":{"start":{"line":15,"column":33},"end":{"line":15,"column":null}},"6":{"start":{"line":16,"column":4},"end":{"line":18,"column":null}},"7":{"start":{"line":17,"column":6},"end":{"line":17,"column":null}},"8":{"start":{"line":19,"column":4},"end":{"line":19,"column":null}},"9":{"start":{"line":22,"column":25},"end":{"line":44,"column":null}},"10":{"start":{"line":23,"column":4},"end":{"line":23,"column":null}},"11":{"start":{"line":24,"column":4},"end":{"line":24,"column":null}},"12":{"start":{"line":26,"column":4},"end":{"line":43,"column":null}},"13":{"start":{"line":27,"column":23},"end":{"line":31,"column":null}},"14":{"start":{"line":33,"column":6},"end":{"line":36,"column":null}},"15":{"start":{"line":34,"column":21},"end":{"line":34,"column":null}},"16":{"start":{"line":34,"column":56},"end":{"line":34,"column":95}},"17":{"start":{"line":35,"column":8},"end":{"line":35,"column":null}},"18":{"start":{"line":38,"column":22},"end":{"line":38,"column":null}},"19":{"start":{"line":39,"column":6},"end":{"line":39,"column":null}},"20":{"start":{"line":40,"column":6},"end":{"line":40,"column":null}},"21":{"start":{"line":42,"column":6},"end":{"line":42,"column":null}},"22":{"start":{"line":46,"column":27},"end":{"line":56,"column":null}},"23":{"start":{"line":47,"column":21},"end":{"line":49,"column":null}},"24":{"start":{"line":51,"column":4},"end":{"line":53,"column":null}},"25":{"start":{"line":52,"column":6},"end":{"line":52,"column":null}},"26":{"start":{"line":55,"column":4},"end":{"line":55,"column":null}},"27":{"start":{"line":58,"column":28},"end":{"line":80,"column":null}},"28":{"start":{"line":59,"column":4},"end":{"line":59,"column":null}},"29":{"start":{"line":60,"column":4},"end":{"line":60,"column":null}},"30":{"start":{"line":62,"column":4},"end":{"line":79,"column":null}},"31":{"start":{"line":63,"column":23},"end":{"line":67,"column":null}},"32":{"start":{"line":69,"column":6},"end":{"line":72,"column":null}},"33":{"start":{"line":70,"column":21},"end":{"line":70,"column":null}},"34":{"start":{"line":70,"column":56},"end":{"line":70,"column":94}},"35":{"start":{"line":71,"column":8},"end":{"line":71,"column":null}},"36":{"start":{"line":74,"column":22},"end":{"line":74,"column":null}},"37":{"start":{"line":75,"column":6},"end":{"line":75,"column":null}},"38":{"start":{"line":76,"column":6},"end":{"line":76,"column":null}},"39":{"start":{"line":78,"column":6},"end":{"line":78,"column":null}},"40":{"start":{"line":82,"column":27},"end":{"line":106,"column":null}},"41":{"start":{"line":83,"column":4},"end":{"line":83,"column":null}},"42":{"start":{"line":84,"column":4},"end":{"line":84,"column":null}},"43":{"start":{"line":86,"column":4},"end":{"line":105,"column":null}},"44":{"start":{"line":87,"column":23},"end":{"line":90,"column":null}},"45":{"start":{"line":92,"column":6},"end":{"line":95,"column":null}},"46":{"start":{"line":93,"column":21},"end":{"line":93,"column":null}},"47":{"start":{"line":93,"column":56},"end":{"line":93,"column":94}},"48":{"start":{"line":94,"column":8},"end":{"line":94,"column":null}},"49":{"start":{"line":97,"column":19},"end":{"line":97,"column":null}},"50":{"start":{"line":98,"column":6},"end":{"line":98,"column":null}},"51":{"start":{"line":100,"column":22},"end":{"line":100,"column":null}},"52":{"start":{"line":101,"column":6},"end":{"line":101,"column":null}},"53":{"start":{"line":102,"column":6},"end":{"line":102,"column":null}},"54":{"start":{"line":104,"column":6},"end":{"line":104,"column":null}},"55":{"start":{"line":108,"column":2},"end":{"line":116,"column":null}},"56":{"start":{"line":115,"column":22},"end":{"line":115,"column":null}}},"fnMap":{"0":{"name":"useAuth","decl":{"start":{"line":5,"column":16},"end":{"line":5,"column":26}},"loc":{"start":{"line":5,"column":26},"end":{"line":7,"column":null}}},"1":{"name":"useSecurityActions","decl":{"start":{"line":9,"column":16},"end":{"line":9,"column":37}},"loc":{"start":{"line":9,"column":37},"end":{"line":117,"column":null}}},"2":{"name":"(anonymous_2)","decl":{"start":{"line":14,"column":33},"end":{"line":14,"column":52}},"loc":{"start":{"line":14,"column":52},"end":{"line":20,"column":5}}},"3":{"name":"(anonymous_3)","decl":{"start":{"line":22,"column":37},"end":{"line":22,"column":44}},"loc":{"start":{"line":22,"column":83},"end":{"line":44,"column":5}}},"4":{"name":"(anonymous_4)","decl":{"start":{"line":34,"column":49},"end":{"line":34,"column":56}},"loc":{"start":{"line":34,"column":56},"end":{"line":34,"column":95}}},"5":{"name":"(anonymous_5)","decl":{"start":{"line":46,"column":39},"end":{"line":46,"column":75}},"loc":{"start":{"line":46,"column":75},"end":{"line":56,"column":5}}},"6":{"name":"(anonymous_6)","decl":{"start":{"line":58,"column":40},"end":{"line":58,"column":47}},"loc":{"start":{"line":58,"column":83},"end":{"line":80,"column":5}}},"7":{"name":"(anonymous_7)","decl":{"start":{"line":70,"column":49},"end":{"line":70,"column":56}},"loc":{"start":{"line":70,"column":56},"end":{"line":70,"column":94}}},"8":{"name":"(anonymous_8)","decl":{"start":{"line":82,"column":39},"end":{"line":82,"column":68}},"loc":{"start":{"line":82,"column":68},"end":{"line":106,"column":5}}},"9":{"name":"(anonymous_9)","decl":{"start":{"line":93,"column":49},"end":{"line":93,"column":56}},"loc":{"start":{"line":93,"column":56},"end":{"line":93,"column":94}}},"10":{"name":"(anonymous_10)","decl":{"start":{"line":115,"column":16},"end":{"line":115,"column":22}},"loc":{"start":{"line":115,"column":22},"end":{"line":115,"column":null}}}},"branchMap":{"0":{"loc":{"start":{"line":16,"column":4},"end":{"line":18,"column":null}},"type":"if","locations":[{"start":{"line":16,"column":4},"end":{"line":18,"column":null}},{"start":{},"end":{}}]},"1":{"loc":{"start":{"line":33,"column":6},"end":{"line":36,"column":null}},"type":"if","locations":[{"start":{"line":33,"column":6},"end":{"line":36,"column":null}},{"start":{},"end":{}}]},"2":{"loc":{"start":{"line":35,"column":24},"end":{"line":35,"column":65}},"type":"binary-expr","locations":[{"start":{"line":35,"column":24},"end":{"line":35,"column":38}},{"start":{"line":35,"column":38},"end":{"line":35,"column":65}}]},"3":{"loc":{"start":{"line":38,"column":22},"end":{"line":38,"column":null}},"type":"cond-expr","locations":[{"start":{"line":38,"column":45},"end":{"line":38,"column":59}},{"start":{"line":38,"column":59},"end":{"line":38,"column":null}}]},"4":{"loc":{"start":{"line":51,"column":4},"end":{"line":53,"column":null}},"type":"if","locations":[{"start":{"line":51,"column":4},"end":{"line":53,"column":null}},{"start":{},"end":{}}]},"5":{"loc":{"start":{"line":69,"column":6},"end":{"line":72,"column":null}},"type":"if","locations":[{"start":{"line":69,"column":6},"end":{"line":72,"column":null}},{"start":{},"end":{}}]},"6":{"loc":{"start":{"line":71,"column":24},"end":{"line":71,"column":64}},"type":"binary-expr","locations":[{"start":{"line":71,"column":24},"end":{"line":71,"column":38}},{"start":{"line":71,"column":38},"end":{"line":71,"column":64}}]},"7":{"loc":{"start":{"line":74,"column":22},"end":{"line":74,"column":null}},"type":"cond-expr","locations":[{"start":{"line":74,"column":45},"end":{"line":74,"column":59}},{"start":{"line":74,"column":59},"end":{"line":74,"column":null}}]},"8":{"loc":{"start":{"line":92,"column":6},"end":{"line":95,"column":null}},"type":"if","locations":[{"start":{"line":92,"column":6},"end":{"line":95,"column":null}},{"start":{},"end":{}}]},"9":{"loc":{"start":{"line":94,"column":24},"end":{"line":94,"column":64}},"type":"binary-expr","locations":[{"start":{"line":94,"column":24},"end":{"line":94,"column":38}},{"start":{"line":94,"column":38},"end":{"line":94,"column":64}}]},"10":{"loc":{"start":{"line":100,"column":22},"end":{"line":100,"column":null}},"type":"cond-expr","locations":[{"start":{"line":100,"column":45},"end":{"line":100,"column":59}},{"start":{"line":100,"column":59},"end":{"line":100,"column":null}}]}},"s":{"0":0,"1":0,"2":0,"3":0,"4":0,"5":0,"6":0,"7":0,"8":0,"9":0,"10":0,"11":0,"12":0,"13":0,"14":0,"15":0,"16":0,"17":0,"18":0,"19":0,"20":0,"21":0,"22":0,"23":0,"24":0,"25":0,"26":0,"27":0,"28":0,"29":0,"30":0,"31":0,"32":0,"33":0,"34":0,"35":0,"36":0,"37":0,"38":0,"39":0,"40":0,"41":0,"42":0,"43":0,"44":0,"45":0,"46":0,"47":0,"48":0,"49":0,"50":0,"51":0,"52":0,"53":0,"54":0,"55":0,"56":0},"f":{"0":0,"1":0,"2":0,"3":0,"4":0,"5":0,"6":0,"7":0,"8":0,"9":0,"10":0},"b":{"0":[0,0],"1":[0,0],"2":[0,0],"3":[0,0],"4":[0,0],"5":[0,0],"6":[0,0],"7":[0,0],"8":[0,0],"9":[0,0],"10":[0,0]}}
,"/workspaces/odoo-rust-mcp/config-ui/src/hooks/useConfig.ts": {"path":"/workspaces/odoo-rust-mcp/config-ui/src/hooks/useConfig.ts","statementMap":{"0":{"start":{"line":6,"column":26},"end":{"line":6,"column":null}},"1":{"start":{"line":9,"column":31},"end":{"line":11,"column":null}},"2":{"start":{"line":12,"column":16},"end":{"line":12,"column":null}},"3":{"start":{"line":13,"column":2},"end":{"line":15,"column":null}},"4":{"start":{"line":14,"column":4},"end":{"line":14,"column":null}},"5":{"start":{"line":16,"column":2},"end":{"line":16,"column":null}},"6":{"start":{"line":20,"column":2},"end":{"line":24,"column":null}},"7":{"start":{"line":22,"column":4},"end":{"line":22,"column":null}},"8":{"start":{"line":23,"column":4},"end":{"line":23,"column":null}},"9":{"start":{"line":28,"column":30},"end":{"line":28,"column":null}},"10":{"start":{"line":29,"column":32},"end":{"line":29,"column":null}},"11":{"start":{"line":31,"column":15},"end":{"line":70,"column":null}},"12":{"start":{"line":32,"column":4},"end":{"line":32,"column":null}},"13":{"start":{"line":33,"column":4},"end":{"line":33,"column":null}},"14":{"start":{"line":35,"column":4},"end":{"line":69,"column":null}},"15":{"start":{"line":36,"column":23},"end":{"line":38,"column":null}},"16":{"start":{"line":40,"column":6},"end":{"line":43,"column":null}},"17":{"start":{"line":41,"column":8},"end":{"line":41,"column":null}},"18":{"start":{"line":42,"column":8},"end":{"line":42,"column":null}},"19":{"start":{"line":45,"column":6},"end":{"line":48,"column":null}},"20":{"start":{"line":46,"column":26},"end":{"line":46,"column":null}},"21":{"start":{"line":46,"column":61},"end":{"line":46,"column":88}},"22":{"start":{"line":47,"column":8},"end":{"line":47,"column":null}},"23":{"start":{"line":50,"column":19},"end":{"line":50,"column":null}},"24":{"start":{"line":53,"column":6},"end":{"line":57,"column":null}},"25":{"start":{"line":54,"column":8},"end":{"line":54,"column":null}},"26":{"start":{"line":56,"column":8},"end":{"line":56,"column":null}},"27":{"start":{"line":59,"column":6},"end":{"line":59,"column":null}},"28":{"start":{"line":60,"column":6},"end":{"line":60,"column":null}},"29":{"start":{"line":60,"column":23},"end":{"line":60,"column":40}},"30":{"start":{"line":62,"column":6},"end":{"line":62,"column":null}},"31":{"start":{"line":64,"column":22},"end":{"line":64,"column":null}},"32":{"start":{"line":65,"column":6},"end":{"line":65,"column":null}},"33":{"start":{"line":66,"column":6},"end":{"line":66,"column":null}},"34":{"start":{"line":68,"column":6},"end":{"line":68,"column":null}},"35":{"start":{"line":72,"column":15},"end":{"line":124,"column":null}},"36":{"start":{"line":73,"column":4},"end":{"line":73,"column":null}},"37":{"start":{"line":74,"column":4},"end":{"line":74,"column":null}},"38":{"start":{"line":76,"column":4},"end":{"line":123,"column":null}},"39":{"start":{"line":77,"column":23},"end":{"line":81,"column":null}},"40":{"start":{"line":83,"column":6},"end":{"line":86,"column":null}},"41":{"start":{"line":84,"column":8},"end":{"line":84,"column":null}},"42":{"start":{"line":85,"column":8},"end":{"line":85,"column":null}},"43":{"start":{"line":88,"column":27},"end":{"line":88,"column":null}},"44":{"start":{"line":88,"column":62},"end":{"line":88,"column":65}},"45":{"start":{"line":90,"column":6},"end":{"line":98,"column":null}},"46":{"start":{"line":92,"column":8},"end":{"line":96,"column":null}},"47":{"start":{"line":93,"column":10},"end":{"line":95,"column":null}},"48":{"start":{"line":97,"column":8},"end":{"line":97,"column":null}},"49":{"start":{"line":101,"column":27},"end":{"line":101,"column":null}},"50":{"start":{"line":103,"column":6},"end":{"line":116,"column":null}},"51":{"start":{"line":105,"column":8},"end":{"line":108,"column":null}},"52":{"start":{"line":109,"column":8},"end":{"line":109,"column":null}},"53":{"start":{"line":109,"column":25},"end":{"line":109,"column":42}},"54":{"start":{"line":111,"column":8},"end":{"line":114,"column":null}},"55":{"start":{"line":115,"column":8},"end":{"line":115,"column":null}},"56":{"start":{"line":115,"column":25},"end":{"line":115,"column":42}},"57":{"start":{"line":118,"column":22},"end":{"line":118,"column":null}},"58":{"start":{"line":119,"column":6},"end":{"line":119,"column":null}},"59":{"start":{"line":120,"column":6},"end":{"line":120,"column":null}},"60":{"start":{"line":122,"column":6},"end":{"line":122,"column":null}},"61":{"start":{"line":126,"column":2},"end":{"line":126,"column":null}}},"fnMap":{"0":{"name":"getAuthHeaders","decl":{"start":{"line":8,"column":9},"end":{"line":8,"column":39}},"loc":{"start":{"line":8,"column":39},"end":{"line":17,"column":null}}},"1":{"name":"handleUnauthorized","decl":{"start":{"line":19,"column":9},"end":{"line":19,"column":28}},"loc":{"start":{"line":19,"column":48},"end":{"line":25,"column":null}}},"2":{"name":"useConfig","decl":{"start":{"line":27,"column":16},"end":{"line":27,"column":26}},"loc":{"start":{"line":27,"column":44},"end":{"line":127,"column":null}}},"3":{"name":"(anonymous_3)","decl":{"start":{"line":31,"column":27},"end":{"line":31,"column":60}},"loc":{"start":{"line":31,"column":60},"end":{"line":70,"column":5}}},"4":{"name":"(anonymous_4)","decl":{"start":{"line":46,"column":54},"end":{"line":46,"column":61}},"loc":{"start":{"line":46,"column":61},"end":{"line":46,"column":88}}},"5":{"name":"(anonymous_5)","decl":{"start":{"line":60,"column":17},"end":{"line":60,"column":23}},"loc":{"start":{"line":60,"column":23},"end":{"line":60,"column":40}}},"6":{"name":"(anonymous_6)","decl":{"start":{"line":72,"column":27},"end":{"line":72,"column":34}},"loc":{"start":{"line":72,"column":72},"end":{"line":124,"column":5}}},"7":{"name":"(anonymous_7)","decl":{"start":{"line":88,"column":55},"end":{"line":88,"column":62}},"loc":{"start":{"line":88,"column":62},"end":{"line":88,"column":65}}},"8":{"name":"(anonymous_8)","decl":{"start":{"line":109,"column":19},"end":{"line":109,"column":25}},"loc":{"start":{"line":109,"column":25},"end":{"line":109,"column":42}}},"9":{"name":"(anonymous_9)","decl":{"start":{"line":115,"column":19},"end":{"line":115,"column":25}},"loc":{"start":{"line":115,"column":25},"end":{"line":115,"column":42}}}},"branchMap":{"0":{"loc":{"start":{"line":13,"column":2},"end":{"line":15,"column":null}},"type":"if","locations":[{"start":{"line":13,"column":2},"end":{"line":15,"column":null}},{"start":{},"end":{}}]},"1":{"loc":{"start":{"line":20,"column":2},"end":{"line":24,"column":null}},"type":"if","locations":[{"start":{"line":20,"column":2},"end":{"line":24,"column":null}},{"start":{},"end":{}}]},"2":{"loc":{"start":{"line":40,"column":6},"end":{"line":43,"column":null}},"type":"if","locations":[{"start":{"line":40,"column":6},"end":{"line":43,"column":null}},{"start":{},"end":{}}]},"3":{"loc":{"start":{"line":45,"column":6},"end":{"line":48,"column":null}},"type":"if","locations":[{"start":{"line":45,"column":6},"end":{"line":48,"column":null}},{"start":{},"end":{}}]},"4":{"loc":{"start":{"line":47,"column":24},"end":{"line":47,"column":67}},"type":"binary-expr","locations":[{"start":{"line":47,"column":24},"end":{"line":47,"column":43}},{"start":{"line":47,"column":43},"end":{"line":47,"column":67}}]},"5":{"loc":{"start":{"line":53,"column":6},"end":{"line":57,"column":null}},"type":"if","locations":[{"start":{"line":53,"column":6},"end":{"line":57,"column":null}},{"start":{"line":55,"column":13},"end":{"line":57,"column":null}}]},"6":{"loc":{"start":{"line":53,"column":10},"end":{"line":53,"column":50}},"type":"binary-expr","locations":[{"start":{"line":53,"column":10},"end":{"line":53,"column":30}},{"start":{"line":53,"column":30},"end":{"line":53,"column":50}}]},"7":{"loc":{"start":{"line":54,"column":25},"end":{"line":54,"column":null}},"type":"cond-expr","locations":[{"start":{"line":54,"column":47},"end":{"line":54,"column":55}},{"start":{"line":54,"column":55},"end":{"line":54,"column":null}}]},"8":{"loc":{"start":{"line":54,"column":55},"end":{"line":54,"column":null}},"type":"binary-expr","locations":[{"start":{"line":54,"column":55},"end":{"line":54,"column":69}},{"start":{"line":54,"column":69},"end":{"line":54,"column":null}}]},"9":{"loc":{"start":{"line":64,"column":22},"end":{"line":64,"column":null}},"type":"cond-expr","locations":[{"start":{"line":64,"column":47},"end":{"line":64,"column":63}},{"start":{"line":64,"column":63},"end":{"line":64,"column":null}}]},"10":{"loc":{"start":{"line":83,"column":6},"end":{"line":86,"column":null}},"type":"if","locations":[{"start":{"line":83,"column":6},"end":{"line":86,"column":null}},{"start":{},"end":{}}]},"11":{"loc":{"start":{"line":90,"column":6},"end":{"line":98,"column":null}},"type":"if","locations":[{"start":{"line":90,"column":6},"end":{"line":98,"column":null}},{"start":{},"end":{}}]},"12":{"loc":{"start":{"line":92,"column":8},"end":{"line":96,"column":null}},"type":"if","locations":[{"start":{"line":92,"column":8},"end":{"line":96,"column":null}},{"start":{},"end":{}}]},"13":{"loc":{"start":{"line":94,"column":15},"end":{"line":94,"column":53}},"type":"binary-expr","locations":[{"start":{"line":94,"column":15},"end":{"line":94,"column":37}},{"start":{"line":94,"column":37},"end":{"line":94,"column":53}}]},"14":{"loc":{"start":{"line":97,"column":24},"end":{"line":97,"column":70}},"type":"binary-expr","locations":[{"start":{"line":97,"column":24},"end":{"line":97,"column":46}},{"start":{"line":97,"column":46},"end":{"line":97,"column":70}}]},"15":{"loc":{"start":{"line":103,"column":6},"end":{"line":116,"column":null}},"type":"if","locations":[{"start":{"line":103,"column":6},"end":{"line":116,"column":null}},{"start":{"line":110,"column":13},"end":{"line":116,"column":null}}]},"16":{"loc":{"start":{"line":118,"column":22},"end":{"line":118,"column":null}},"type":"cond-expr","locations":[{"start":{"line":118,"column":47},"end":{"line":118,"column":63}},{"start":{"line":118,"column":63},"end":{"line":118,"column":null}}]}},"s":{"0":1,"1":0,"2":0,"3":0,"4":0,"5":0,"6":0,"7":0,"8":0,"9":0,"10":0,"11":0,"12":0,"13":0,"14":0,"15":0,"16":0,"17":0,"18":0,"19":0,"20":0,"21":0,"22":0,"23":0,"24":0,"25":0,"26":0,"27":0,"28":0,"29":0,"30":0,"31":0,"32":0,"33":0,"34":0,"35":0,"36":0,"37":0,"38":0,"39":0,"40":0,"41":0,"42":0,"43":0,"44":0,"45":0,"46":0,"47":0,"48":0,"49":0,"50":0,"51":0,"52":0,"53":0,"54":0,"55":0,"56":0,"57":0,"58":0,"59":0,"60":0,"61":0},"f":{"0":0,"1":0,"2":0,"3":0,"4":0,"5":0,"6":0,"7":0,"8":0,"9":0},"b":{"0":[0,0],"1":[0,0],"2":[0,0],"3":[0,0],"4":[0,0],"5":[0,0],"6":[0,0],"7":[0,0],"8":[0,0],"9":[0,0],"10":[0,0],"11":[0,0],"12":[0,0],"13":[0,0],"14":[0,0],"15":[0,0],"16":[0,0]}}
}
